{"/home/travis/build/npmtest/node-npmtest-model/test.js":{"path":"/home/travis/build/npmtest/node-npmtest-model/test.js","s":{"1":2,"2":2,"3":2,"4":2,"5":2,"6":2,"7":2,"8":1,"9":2,"10":2,"11":1,"12":1,"13":1,"14":1,"15":2,"16":2,"17":2,"18":2,"19":1,"20":1,"21":2,"22":2,"23":2,"24":1,"25":1,"26":1,"27":1,"28":1,"29":1,"30":1,"31":1,"32":1,"33":1,"34":1,"35":1,"36":1,"37":1,"38":1,"39":2,"40":2,"41":1,"42":2,"43":2,"44":1,"45":2,"46":2,"47":1,"48":2,"49":2,"50":1,"51":1,"52":1,"53":1,"54":1},"b":{"1":[2,1,1,1],"2":[1,1,1,1],"3":[1,1],"4":[1,1],"5":[1,1],"6":[1,1],"7":[1,1],"8":[1,1],"9":[1,1],"10":[1,1,1],"11":[1,1],"12":[1,1],"13":[1,1],"14":[1,1],"15":[1,1],"16":[1,1],"17":[1,1]},"f":{"1":2,"2":2,"3":2,"4":2,"5":2,"6":1,"7":1,"8":1,"9":2,"10":2,"11":2,"12":2,"13":1},"fnMap":{"1":{"name":"(anonymous_1)","line":12,"loc":{"start":{"line":12,"column":1},"end":{"line":12,"column":13}}},"2":{"name":"(anonymous_2)","line":19,"loc":{"start":{"line":19,"column":5},"end":{"line":19,"column":17}}},"3":{"name":"(anonymous_3)","line":23,"loc":{"start":{"line":23,"column":24},"end":{"line":23,"column":36}}},"4":{"name":"(anonymous_4)","line":61,"loc":{"start":{"line":61,"column":5},"end":{"line":61,"column":17}}},"5":{"name":"(anonymous_5)","line":82,"loc":{"start":{"line":82,"column":5},"end":{"line":82,"column":17}}},"6":{"name":"(anonymous_6)","line":91,"loc":{"start":{"line":91,"column":77},"end":{"line":94,"column":10}}},"7":{"name":"(anonymous_7)","line":112,"loc":{"start":{"line":112,"column":83},"end":{"line":115,"column":10}},"skip":true},"8":{"name":"(anonymous_8)","line":123,"loc":{"start":{"line":123,"column":77},"end":{"line":126,"column":10}},"skip":true},"9":{"name":"(anonymous_9)","line":139,"loc":{"start":{"line":139,"column":12},"end":{"line":139,"column":40}},"skip":true},"10":{"name":"(anonymous_10)","line":147,"loc":{"start":{"line":147,"column":77},"end":{"line":150,"column":10}},"skip":true},"11":{"name":"(anonymous_11)","line":158,"loc":{"start":{"line":158,"column":83},"end":{"line":161,"column":10}},"skip":true},"12":{"name":"(anonymous_12)","line":169,"loc":{"start":{"line":169,"column":79},"end":{"line":172,"column":10}},"skip":true},"13":{"name":"(anonymous_13)","line":180,"loc":{"start":{"line":180,"column":75},"end":{"line":183,"column":10}},"skip":true}},"statementMap":{"1":{"start":{"line":12,"column":0},"end":{"line":195,"column":5}},"2":{"start":{"line":14,"column":4},"end":{"line":14,"column":14}},"3":{"start":{"line":19,"column":4},"end":{"line":56,"column":9}},"4":{"start":{"line":21,"column":8},"end":{"line":21,"column":19}},"5":{"start":{"line":23,"column":8},"end":{"line":35,"column":13}},"6":{"start":{"line":24,"column":12},"end":{"line":34,"column":13}},"7":{"start":{"line":25,"column":16},"end":{"line":28,"column":30}},"8":{"start":{"line":30,"column":16},"end":{"line":33,"column":27}},"9":{"start":{"line":37,"column":8},"end":{"line":39,"column":21}},"10":{"start":{"line":40,"column":8},"end":{"line":53,"column":9}},"11":{"start":{"line":43,"column":12},"end":{"line":46,"column":14}},"12":{"start":{"line":47,"column":12},"end":{"line":47,"column":18}},"13":{"start":{"line":50,"column":12},"end":{"line":51,"column":46}},"14":{"start":{"line":52,"column":12},"end":{"line":52,"column":18}},"15":{"start":{"line":55,"column":8},"end":{"line":55,"column":35}},"16":{"start":{"line":61,"column":4},"end":{"line":63,"column":9}},"17":{"start":{"line":62,"column":8},"end":{"line":62,"column":15}},"18":{"start":{"line":64,"column":4},"end":{"line":77,"column":5}},"19":{"start":{"line":70,"column":8},"end":{"line":70,"column":14}},"20":{"start":{"line":76,"column":8},"end":{"line":76,"column":14}},"21":{"start":{"line":82,"column":4},"end":{"line":84,"column":9}},"22":{"start":{"line":83,"column":8},"end":{"line":83,"column":15}},"23":{"start":{"line":85,"column":4},"end":{"line":194,"column":5}},"24":{"start":{"line":91,"column":8},"end":{"line":99,"column":10}},"25":{"start":{"line":98,"column":12},"end":{"line":98,"column":35}},"26":{"start":{"line":102,"column":8},"end":{"line":104,"column":63}},"27":{"start":{"line":105,"column":8},"end":{"line":105,"column":14}},"28":{"start":{"line":112,"column":8},"end":{"line":121,"column":10},"skip":true},"29":{"start":{"line":119,"column":12},"end":{"line":119,"column":55},"skip":true},"30":{"start":{"line":120,"column":12},"end":{"line":120,"column":48},"skip":true},"31":{"start":{"line":123,"column":8},"end":{"line":136,"column":10},"skip":true},"32":{"start":{"line":130,"column":12},"end":{"line":130,"column":76},"skip":true},"33":{"start":{"line":131,"column":12},"end":{"line":131,"column":73},"skip":true},"34":{"start":{"line":132,"column":12},"end":{"line":132,"column":74},"skip":true},"35":{"start":{"line":133,"column":12},"end":{"line":133,"column":79},"skip":true},"36":{"start":{"line":134,"column":12},"end":{"line":134,"column":25},"skip":true},"37":{"start":{"line":135,"column":12},"end":{"line":135,"column":45},"skip":true},"38":{"start":{"line":138,"column":8},"end":{"line":145,"column":14},"skip":true},"39":{"start":{"line":143,"column":16},"end":{"line":143,"column":29},"skip":true},"40":{"start":{"line":144,"column":16},"end":{"line":144,"column":55},"skip":true},"41":{"start":{"line":147,"column":8},"end":{"line":156,"column":10},"skip":true},"42":{"start":{"line":154,"column":12},"end":{"line":154,"column":25},"skip":true},"43":{"start":{"line":155,"column":12},"end":{"line":155,"column":45},"skip":true},"44":{"start":{"line":158,"column":8},"end":{"line":167,"column":10},"skip":true},"45":{"start":{"line":165,"column":12},"end":{"line":165,"column":25},"skip":true},"46":{"start":{"line":166,"column":12},"end":{"line":166,"column":48},"skip":true},"47":{"start":{"line":169,"column":8},"end":{"line":178,"column":10},"skip":true},"48":{"start":{"line":176,"column":12},"end":{"line":176,"column":25},"skip":true},"49":{"start":{"line":177,"column":12},"end":{"line":177,"column":46},"skip":true},"50":{"start":{"line":180,"column":8},"end":{"line":189,"column":10},"skip":true},"51":{"start":{"line":187,"column":12},"end":{"line":187,"column":94},"skip":true},"52":{"start":{"line":188,"column":12},"end":{"line":188,"column":48},"skip":true},"53":{"start":{"line":192,"column":8},"end":{"line":192,"column":35},"skip":true},"54":{"start":{"line":193,"column":8},"end":{"line":193,"column":14},"skip":true}},"branchMap":{"1":{"line":25,"type":"binary-expr","locations":[{"start":{"line":25,"column":23},"end":{"line":25,"column":62}},{"start":{"line":26,"column":20},"end":{"line":26,"column":70}},{"start":{"line":27,"column":20},"end":{"line":27,"column":71}},{"start":{"line":28,"column":20},"end":{"line":28,"column":29}}]},"2":{"line":30,"type":"binary-expr","locations":[{"start":{"line":30,"column":23},"end":{"line":30,"column":37}},{"start":{"line":31,"column":20},"end":{"line":31,"column":61}},{"start":{"line":32,"column":20},"end":{"line":32,"column":70}},{"start":{"line":33,"column":20},"end":{"line":33,"column":26}}]},"3":{"line":37,"type":"cond-expr","locations":[{"start":{"line":38,"column":14},"end":{"line":38,"column":20}},{"start":{"line":39,"column":14},"end":{"line":39,"column":20}}]},"4":{"line":40,"type":"switch","locations":[{"start":{"line":42,"column":8},"end":{"line":47,"column":18}},{"start":{"line":49,"column":8},"end":{"line":52,"column":18}}]},"5":{"line":44,"type":"binary-expr","locations":[{"start":{"line":44,"column":16},"end":{"line":44,"column":44}},{"start":{"line":44,"column":48},"end":{"line":44,"column":66}}]},"6":{"line":50,"type":"binary-expr","locations":[{"start":{"line":50,"column":21},"end":{"line":50,"column":49}},{"start":{"line":50,"column":53},"end":{"line":50,"column":72}}]},"7":{"line":64,"type":"switch","locations":[{"start":{"line":69,"column":4},"end":{"line":70,"column":14}},{"start":{"line":75,"column":4},"end":{"line":76,"column":14}}]},"8":{"line":85,"type":"switch","locations":[{"start":{"line":90,"column":4},"end":{"line":105,"column":14}},{"start":{"line":111,"column":4},"end":{"line":193,"column":14},"skip":true}]},"9":{"line":91,"type":"binary-expr","locations":[{"start":{"line":91,"column":42},"end":{"line":91,"column":73}},{"start":{"line":91,"column":77},"end":{"line":99,"column":9}}]},"10":{"line":102,"type":"binary-expr","locations":[{"start":{"line":102,"column":18},"end":{"line":102,"column":32}},{"start":{"line":103,"column":12},"end":{"line":103,"column":53}},{"start":{"line":104,"column":12},"end":{"line":104,"column":61}}]},"11":{"line":112,"type":"binary-expr","locations":[{"start":{"line":112,"column":45},"end":{"line":112,"column":79},"skip":true},{"start":{"line":112,"column":83},"end":{"line":121,"column":9},"skip":true}]},"12":{"line":123,"type":"binary-expr","locations":[{"start":{"line":123,"column":42},"end":{"line":123,"column":73},"skip":true},{"start":{"line":123,"column":77},"end":{"line":136,"column":9},"skip":true}]},"13":{"line":138,"type":"binary-expr","locations":[{"start":{"line":138,"column":48},"end":{"line":138,"column":85},"skip":true},{"start":{"line":139,"column":12},"end":{"line":145,"column":13},"skip":true}]},"14":{"line":147,"type":"binary-expr","locations":[{"start":{"line":147,"column":42},"end":{"line":147,"column":73},"skip":true},{"start":{"line":147,"column":77},"end":{"line":156,"column":9},"skip":true}]},"15":{"line":158,"type":"binary-expr","locations":[{"start":{"line":158,"column":45},"end":{"line":158,"column":79},"skip":true},{"start":{"line":158,"column":83},"end":{"line":167,"column":9},"skip":true}]},"16":{"line":169,"type":"binary-expr","locations":[{"start":{"line":169,"column":43},"end":{"line":169,"column":75},"skip":true},{"start":{"line":169,"column":79},"end":{"line":178,"column":9},"skip":true}]},"17":{"line":180,"type":"binary-expr","locations":[{"start":{"line":180,"column":41},"end":{"line":180,"column":71},"skip":true},{"start":{"line":180,"column":75},"end":{"line":189,"column":9},"skip":true}]}},"code":["/* istanbul instrument in package npmtest_model */","/*jslint","    bitwise: true,","    browser: true,","    maxerr: 8,","    maxlen: 96,","    node: true,","    nomen: true,","    regexp: true,","    stupid: true","*/","(function () {","    'use strict';","    var local;","","","","    // run shared js-env code - pre-init","    (function () {","        // init local","        local = {};","        // init modeJs","        local.modeJs = (function () {","            try {","                return typeof navigator.userAgent === 'string' &&","                    typeof document.querySelector('body') === 'object' &&","                    typeof XMLHttpRequest.prototype.open === 'function' &&","                    'browser';","            } catch (errorCaughtBrowser) {","                return module.exports &&","                    typeof process.versions.node === 'string' &&","                    typeof require('http').createServer === 'function' &&","                    'node';","            }","        }());","        // init global","        local.global = local.modeJs === 'browser'","            ? window","            : global;","        switch (local.modeJs) {","        // re-init local from window.local","        case 'browser':","            local = local.global.utility2.objectSetDefault(","                local.global.utility2_rollup || local.global.local,","                local.global.utility2","            );","            break;","        // re-init local from example.js","        case 'node':","            local = (local.global.utility2_rollup || require('utility2'))","                .requireExampleJsFromReadme();","            break;","        }","        // export local","        local.global.local = local;","    }());","","","","    // run shared js-env code - function","    (function () {","        return;","    }());","    switch (local.modeJs) {","","","","    // run browser js-env code - function","    case 'browser':","        break;","","","","    // run node js-env code - function","    case 'node':","        break;","    }","","","","    // run shared js-env code - post-init","    (function () {","        return;","    }());","    switch (local.modeJs) {","","","","    // run browser js-env code - post-init","    case 'browser':","        local.testCase_browser_nullCase = local.testCase_browser_nullCase || function (","            options,","            onError","        ) {","        /*","         * this function will test browsers's null-case handling-behavior-behavior","         */","            onError(null, options);","        };","","        // run tests","        local.nop(local.modeTest &&","            document.querySelector('#testRunButton1') &&","            document.querySelector('#testRunButton1').click());","        break;","","","","    // run node js-env code - post-init","    /* istanbul ignore next */","    case 'node':","        local.testCase_buildApidoc_default = local.testCase_buildApidoc_default || function (","            options,","            onError","        ) {","        /*","         * this function will test buildApidoc's default handling-behavior-behavior","         */","            options = { modulePathList: module.paths };","            local.buildApidoc(options, onError);","        };","","        local.testCase_buildApp_default = local.testCase_buildApp_default || function (","            options,","            onError","        ) {","        /*","         * this function will test buildApp's default handling-behavior-behavior","         */","            local.testCase_buildReadme_default(options, local.onErrorThrow);","            local.testCase_buildLib_default(options, local.onErrorThrow);","            local.testCase_buildTest_default(options, local.onErrorThrow);","            local.testCase_buildCustomOrg_default(options, local.onErrorThrow);","            options = [];","            local.buildApp(options, onError);","        };","","        local.testCase_buildCustomOrg_default = local.testCase_buildCustomOrg_default ||","            function (options, onError) {","            /*","             * this function will test buildCustomOrg's default handling-behavior","             */","                options = {};","                local.buildCustomOrg(options, onError);","            };","","        local.testCase_buildLib_default = local.testCase_buildLib_default || function (","            options,","            onError","        ) {","        /*","         * this function will test buildLib's default handling-behavior","         */","            options = {};","            local.buildLib(options, onError);","        };","","        local.testCase_buildReadme_default = local.testCase_buildReadme_default || function (","            options,","            onError","        ) {","        /*","         * this function will test buildReadme's default handling-behavior-behavior","         */","            options = {};","            local.buildReadme(options, onError);","        };","","        local.testCase_buildTest_default = local.testCase_buildTest_default || function (","            options,","            onError","        ) {","        /*","         * this function will test buildTest's default handling-behavior","         */","            options = {};","            local.buildTest(options, onError);","        };","","        local.testCase_webpage_default = local.testCase_webpage_default || function (","            options,","            onError","        ) {","        /*","         * this function will test webpage's default handling-behavior","         */","            options = { modeCoverageMerge: true, url: local.serverLocalHost + '?modeTest=1' };","            local.browserTest(options, onError);","        };","","        // run test-server","        local.testRunServer(local);","        break;","    }","}());",""],"l":{"12":2,"14":2,"19":2,"21":2,"23":2,"24":2,"25":2,"30":1,"37":2,"40":2,"43":1,"47":1,"50":1,"52":1,"55":2,"61":2,"62":2,"64":2,"70":1,"76":1,"82":2,"83":2,"85":2,"91":1,"98":1,"102":1,"105":1,"112":1,"119":1,"120":1,"123":1,"130":1,"131":1,"132":1,"133":1,"134":1,"135":1,"138":1,"143":2,"144":2,"147":1,"154":2,"155":2,"158":1,"165":2,"166":2,"169":1,"176":2,"177":2,"180":1,"187":1,"188":1,"192":1,"193":1}},"/home/travis/build/npmtest/node-npmtest-model/lib.npmtest_model.js":{"path":"/home/travis/build/npmtest/node-npmtest-model/lib.npmtest_model.js","s":{"1":2,"2":2,"3":2,"4":2,"5":2,"6":2,"7":2,"8":1,"9":2,"10":2,"11":2,"12":2,"13":1,"14":1,"15":1,"16":1},"b":{"1":[2,1,1,1],"2":[1,1,1,1],"3":[1,1],"4":[2,2],"5":[1,1]},"f":{"1":2,"2":2,"3":2},"fnMap":{"1":{"name":"(anonymous_1)","line":12,"loc":{"start":{"line":12,"column":1},"end":{"line":12,"column":13}}},"2":{"name":"(anonymous_2)","line":19,"loc":{"start":{"line":19,"column":5},"end":{"line":19,"column":17}}},"3":{"name":"(anonymous_3)","line":23,"loc":{"start":{"line":23,"column":24},"end":{"line":23,"column":36}}}},"statementMap":{"1":{"start":{"line":12,"column":0},"end":{"line":53,"column":5}},"2":{"start":{"line":14,"column":4},"end":{"line":14,"column":14}},"3":{"start":{"line":19,"column":4},"end":{"line":52,"column":9}},"4":{"start":{"line":21,"column":8},"end":{"line":21,"column":19}},"5":{"start":{"line":23,"column":8},"end":{"line":35,"column":13}},"6":{"start":{"line":24,"column":12},"end":{"line":34,"column":13}},"7":{"start":{"line":25,"column":16},"end":{"line":28,"column":30}},"8":{"start":{"line":30,"column":16},"end":{"line":33,"column":27}},"9":{"start":{"line":37,"column":8},"end":{"line":39,"column":21}},"10":{"start":{"line":41,"column":8},"end":{"line":41,"column":54}},"11":{"start":{"line":43,"column":8},"end":{"line":43,"column":50}},"12":{"start":{"line":45,"column":8},"end":{"line":51,"column":9}},"13":{"start":{"line":46,"column":12},"end":{"line":46,"column":56}},"14":{"start":{"line":48,"column":12},"end":{"line":48,"column":35}},"15":{"start":{"line":49,"column":12},"end":{"line":49,"column":49}},"16":{"start":{"line":50,"column":12},"end":{"line":50,"column":43}}},"branchMap":{"1":{"line":25,"type":"binary-expr","locations":[{"start":{"line":25,"column":23},"end":{"line":25,"column":62}},{"start":{"line":26,"column":20},"end":{"line":26,"column":70}},{"start":{"line":27,"column":20},"end":{"line":27,"column":71}},{"start":{"line":28,"column":20},"end":{"line":28,"column":29}}]},"2":{"line":30,"type":"binary-expr","locations":[{"start":{"line":30,"column":23},"end":{"line":30,"column":37}},{"start":{"line":31,"column":20},"end":{"line":31,"column":61}},{"start":{"line":32,"column":20},"end":{"line":32,"column":70}},{"start":{"line":33,"column":20},"end":{"line":33,"column":26}}]},"3":{"line":37,"type":"cond-expr","locations":[{"start":{"line":38,"column":14},"end":{"line":38,"column":20}},{"start":{"line":39,"column":14},"end":{"line":39,"column":20}}]},"4":{"line":41,"type":"binary-expr","locations":[{"start":{"line":41,"column":16},"end":{"line":41,"column":44}},{"start":{"line":41,"column":48},"end":{"line":41,"column":53}}]},"5":{"line":45,"type":"if","locations":[{"start":{"line":45,"column":8},"end":{"line":45,"column":8}},{"start":{"line":45,"column":8},"end":{"line":45,"column":8}}]}},"code":["/* istanbul instrument in package npmtest_model */","/*jslint","    bitwise: true,","    browser: true,","    maxerr: 8,","    maxlen: 96,","    node: true,","    nomen: true,","    regexp: true,","    stupid: true","*/","(function () {","    'use strict';","    var local;","","","","    // run shared js-env code - pre-init","    (function () {","        // init local","        local = {};","        // init modeJs","        local.modeJs = (function () {","            try {","                return typeof navigator.userAgent === 'string' &&","                    typeof document.querySelector('body') === 'object' &&","                    typeof XMLHttpRequest.prototype.open === 'function' &&","                    'browser';","            } catch (errorCaughtBrowser) {","                return module.exports &&","                    typeof process.versions.node === 'string' &&","                    typeof require('http').createServer === 'function' &&","                    'node';","            }","        }());","        // init global","        local.global = local.modeJs === 'browser'","            ? window","            : global;","        // init utility2_rollup","        local = local.global.utility2_rollup || local;","        // init lib","        local.local = local.npmtest_model = local;","        // init exports","        if (local.modeJs === 'browser') {","            local.global.utility2_npmtest_model = local;","        } else {","            module.exports = local;","            module.exports.__dirname = __dirname;","            module.exports.module = module;","        }","    }());","}());",""],"l":{"12":2,"14":2,"19":2,"21":2,"23":2,"24":2,"25":2,"30":1,"37":2,"41":2,"43":2,"45":2,"46":1,"48":1,"49":1,"50":1}},"/home/travis/build/npmtest/node-npmtest-model/example.js":{"path":"/home/travis/build/npmtest/node-npmtest-model/example.js","s":{"1":2,"2":2,"3":2,"4":2,"5":2,"6":2,"7":2,"8":1,"9":2,"10":2,"11":2,"12":2,"13":1,"14":2,"15":2,"16":2,"17":2,"18":2,"19":0,"20":2,"21":1,"22":1,"23":1,"24":1,"25":1,"26":0,"27":0,"28":1,"29":1,"30":2,"31":0,"32":0,"33":0,"34":1,"35":2,"36":2,"37":3,"38":3,"39":3,"40":3,"41":0,"42":3,"43":3,"44":3,"45":1,"46":3,"47":1,"48":1,"49":1,"50":1,"51":1,"52":1,"53":1,"54":1,"55":1,"56":1,"57":0,"58":1,"59":6,"60":6,"61":1,"62":2,"63":0,"64":2,"65":1,"66":1,"67":0,"68":0,"69":0,"70":0,"71":0,"72":0,"73":0,"74":0,"75":0,"76":0,"77":0,"78":0,"79":0,"80":0,"81":0,"82":0,"83":0},"b":{"1":[2,1,1,1],"2":[1,1,1,1],"3":[1,1],"4":[2,2],"5":[1,1],"6":[1,1],"7":[2,0],"8":[2,1,1,1,1,1],"9":[0,2,0],"10":[1,1],"11":[2,1,1],"12":[1,0],"13":[0,2],"14":[2,0,0,0,0,0,0],"15":[0,3],"16":[3,0],"17":[1,1],"18":[0,1],"19":[1,2,0,2],"20":[1,0],"21":[1,1],"22":[0,0],"23":[0,0],"24":[0,0],"25":[0,0],"26":[0,0],"27":[0,0],"28":[0,0]},"f":{"1":2,"2":2,"3":2,"4":2,"5":2,"6":2,"7":3,"8":3,"9":3,"10":1,"11":6,"12":0},"fnMap":{"1":{"name":"(anonymous_1)","line":26,"loc":{"start":{"line":26,"column":1},"end":{"line":26,"column":13}}},"2":{"name":"(anonymous_2)","line":33,"loc":{"start":{"line":33,"column":5},"end":{"line":33,"column":17}}},"3":{"name":"(anonymous_3)","line":37,"loc":{"start":{"line":37,"column":24},"end":{"line":37,"column":36}}},"4":{"name":"(anonymous_4)","line":69,"loc":{"start":{"line":69,"column":31},"end":{"line":69,"column":48}},"skip":true},"5":{"name":"(anonymous_5)","line":78,"loc":{"start":{"line":78,"column":26},"end":{"line":78,"column":45}},"skip":true},"6":{"name":"(anonymous_6)","line":123,"loc":{"start":{"line":123,"column":33},"end":{"line":123,"column":48}},"skip":true},"7":{"name":"(anonymous_7)","line":125,"loc":{"start":{"line":125,"column":27},"end":{"line":125,"column":39}},"skip":true},"8":{"name":"(anonymous_8)","line":133,"loc":{"start":{"line":133,"column":59},"end":{"line":133,"column":74}},"skip":true},"9":{"name":"(anonymous_9)","line":143,"loc":{"start":{"line":143,"column":45},"end":{"line":143,"column":62}},"skip":true},"10":{"name":"(anonymous_10)","line":144,"loc":{"start":{"line":144,"column":73},"end":{"line":144,"column":92}},"skip":true},"11":{"name":"(anonymous_11)","line":272,"loc":{"start":{"line":272,"column":51},"end":{"line":272,"column":77}},"skip":true},"12":{"name":"(anonymous_12)","line":315,"loc":{"start":{"line":315,"column":32},"end":{"line":315,"column":61}},"skip":true}},"statementMap":{"1":{"start":{"line":26,"column":0},"end":{"line":326,"column":5}},"2":{"start":{"line":28,"column":4},"end":{"line":28,"column":14}},"3":{"start":{"line":33,"column":4},"end":{"line":60,"column":9}},"4":{"start":{"line":35,"column":8},"end":{"line":35,"column":19}},"5":{"start":{"line":37,"column":8},"end":{"line":49,"column":13}},"6":{"start":{"line":38,"column":12},"end":{"line":48,"column":13}},"7":{"start":{"line":39,"column":16},"end":{"line":42,"column":30}},"8":{"start":{"line":44,"column":16},"end":{"line":47,"column":27}},"9":{"start":{"line":51,"column":8},"end":{"line":53,"column":21}},"10":{"start":{"line":55,"column":8},"end":{"line":57,"column":45}},"11":{"start":{"line":59,"column":8},"end":{"line":59,"column":35}},"12":{"start":{"line":61,"column":4},"end":{"line":325,"column":5}},"13":{"start":{"line":69,"column":8},"end":{"line":121,"column":10},"skip":true},"14":{"start":{"line":70,"column":12},"end":{"line":88,"column":13},"skip":true},"15":{"start":{"line":76,"column":16},"end":{"line":87,"column":19},"skip":true},"16":{"start":{"line":79,"column":20},"end":{"line":86,"column":21},"skip":true},"17":{"start":{"line":82,"column":24},"end":{"line":82,"column":43},"skip":true},"18":{"start":{"line":83,"column":24},"end":{"line":83,"column":30},"skip":true},"19":{"start":{"line":85,"column":24},"end":{"line":85,"column":49},"skip":true},"20":{"start":{"line":89,"column":12},"end":{"line":107,"column":13},"skip":true},"21":{"start":{"line":92,"column":16},"end":{"line":102,"column":17},"skip":true},"22":{"start":{"line":93,"column":20},"end":{"line":93,"column":86},"skip":true},"23":{"start":{"line":94,"column":20},"end":{"line":95,"column":45},"skip":true},"24":{"start":{"line":96,"column":20},"end":{"line":96,"column":42},"skip":true},"25":{"start":{"line":97,"column":20},"end":{"line":97,"column":48},"skip":true},"26":{"start":{"line":100,"column":20},"end":{"line":100,"column":85},"skip":true},"27":{"start":{"line":101,"column":20},"end":{"line":101,"column":96},"skip":true},"28":{"start":{"line":103,"column":16},"end":{"line":103,"column":22},"skip":true},"29":{"start":{"line":106,"column":16},"end":{"line":106,"column":22},"skip":true},"30":{"start":{"line":108,"column":12},"end":{"line":120,"column":13},"skip":true},"31":{"start":{"line":114,"column":16},"end":{"line":119,"column":17},"skip":true},"32":{"start":{"line":116,"column":20},"end":{"line":116,"column":78},"skip":true},"33":{"start":{"line":118,"column":20},"end":{"line":118,"column":47},"skip":true},"34":{"start":{"line":123,"column":8},"end":{"line":141,"column":11},"skip":true},"35":{"start":{"line":124,"column":12},"end":{"line":124,"column":54},"skip":true},"36":{"start":{"line":125,"column":12},"end":{"line":140,"column":14},"skip":true},"37":{"start":{"line":126,"column":16},"end":{"line":126,"column":28},"skip":true},"38":{"start":{"line":127,"column":16},"end":{"line":127,"column":69},"skip":true},"39":{"start":{"line":128,"column":16},"end":{"line":128,"column":75},"skip":true},"40":{"start":{"line":129,"column":16},"end":{"line":131,"column":17},"skip":true},"41":{"start":{"line":130,"column":20},"end":{"line":130,"column":27},"skip":true},"42":{"start":{"line":133,"column":16},"end":{"line":137,"column":36},"skip":true},"43":{"start":{"line":134,"column":20},"end":{"line":136,"column":55},"skip":true},"44":{"start":{"line":139,"column":16},"end":{"line":139,"column":57},"skip":true},"45":{"start":{"line":143,"column":8},"end":{"line":147,"column":11},"skip":true},"46":{"start":{"line":144,"column":12},"end":{"line":146,"column":15},"skip":true},"47":{"start":{"line":145,"column":16},"end":{"line":145,"column":70},"skip":true},"48":{"start":{"line":149,"column":8},"end":{"line":149,"column":31},"skip":true},"49":{"start":{"line":150,"column":8},"end":{"line":150,"column":14},"skip":true},"50":{"start":{"line":158,"column":8},"end":{"line":158,"column":31},"skip":true},"51":{"start":{"line":160,"column":8},"end":{"line":160,"column":33},"skip":true},"52":{"start":{"line":161,"column":8},"end":{"line":161,"column":37},"skip":true},"53":{"start":{"line":162,"column":8},"end":{"line":162,"column":35},"skip":true},"54":{"start":{"line":164,"column":8},"end":{"line":164,"column":50},"skip":true},"55":{"start":{"line":166,"column":8},"end":{"line":256,"column":2},"skip":true},"56":{"start":{"line":258,"column":8},"end":{"line":286,"column":9},"skip":true},"57":{"start":{"line":259,"column":12},"end":{"line":269,"column":14},"skip":true},"58":{"start":{"line":271,"column":12},"end":{"line":285,"column":19},"skip":true},"59":{"start":{"line":274,"column":20},"end":{"line":274,"column":35},"skip":true},"60":{"start":{"line":275,"column":20},"end":{"line":284,"column":21},"skip":true},"61":{"start":{"line":277,"column":24},"end":{"line":277,"column":64},"skip":true},"62":{"start":{"line":279,"column":24},"end":{"line":279,"column":40},"skip":true},"63":{"start":{"line":281,"column":24},"end":{"line":281,"column":40},"skip":true},"64":{"start":{"line":283,"column":24},"end":{"line":283,"column":39},"skip":true},"65":{"start":{"line":288,"column":8},"end":{"line":290,"column":9},"skip":true},"66":{"start":{"line":289,"column":12},"end":{"line":289,"column":18},"skip":true},"67":{"start":{"line":291,"column":8},"end":{"line":293,"column":54},"skip":true},"68":{"start":{"line":296,"column":8},"end":{"line":301,"column":37},"skip":true},"69":{"start":{"line":303,"column":8},"end":{"line":303,"column":82},"skip":true},"70":{"start":{"line":306,"column":8},"end":{"line":308,"column":9},"skip":true},"71":{"start":{"line":307,"column":12},"end":{"line":307,"column":82},"skip":true},"72":{"start":{"line":310,"column":8},"end":{"line":312,"column":9},"skip":true},"73":{"start":{"line":311,"column":12},"end":{"line":311,"column":18},"skip":true},"74":{"start":{"line":313,"column":8},"end":{"line":313,"column":54},"skip":true},"75":{"start":{"line":314,"column":8},"end":{"line":314,"column":69},"skip":true},"76":{"start":{"line":315,"column":8},"end":{"line":323,"column":36},"skip":true},"77":{"start":{"line":316,"column":12},"end":{"line":316,"column":61},"skip":true},"78":{"start":{"line":317,"column":12},"end":{"line":320,"column":13},"skip":true},"79":{"start":{"line":318,"column":16},"end":{"line":318,"column":75},"skip":true},"80":{"start":{"line":319,"column":16},"end":{"line":319,"column":23},"skip":true},"81":{"start":{"line":321,"column":12},"end":{"line":321,"column":38},"skip":true},"82":{"start":{"line":322,"column":12},"end":{"line":322,"column":27},"skip":true},"83":{"start":{"line":324,"column":8},"end":{"line":324,"column":14},"skip":true}},"branchMap":{"1":{"line":39,"type":"binary-expr","locations":[{"start":{"line":39,"column":23},"end":{"line":39,"column":62}},{"start":{"line":40,"column":20},"end":{"line":40,"column":70}},{"start":{"line":41,"column":20},"end":{"line":41,"column":71}},{"start":{"line":42,"column":20},"end":{"line":42,"column":29}}]},"2":{"line":44,"type":"binary-expr","locations":[{"start":{"line":44,"column":23},"end":{"line":44,"column":37}},{"start":{"line":45,"column":20},"end":{"line":45,"column":61}},{"start":{"line":46,"column":20},"end":{"line":46,"column":70}},{"start":{"line":47,"column":20},"end":{"line":47,"column":26}}]},"3":{"line":51,"type":"cond-expr","locations":[{"start":{"line":52,"column":14},"end":{"line":52,"column":20}},{"start":{"line":53,"column":14},"end":{"line":53,"column":20}}]},"4":{"line":55,"type":"binary-expr","locations":[{"start":{"line":55,"column":16},"end":{"line":55,"column":44}},{"start":{"line":55,"column":49},"end":{"line":57,"column":43}}]},"5":{"line":55,"type":"cond-expr","locations":[{"start":{"line":56,"column":14},"end":{"line":56,"column":49}},{"start":{"line":57,"column":14},"end":{"line":57,"column":43}}]},"6":{"line":61,"type":"switch","locations":[{"start":{"line":68,"column":4},"end":{"line":150,"column":14},"skip":true},{"start":{"line":156,"column":4},"end":{"line":324,"column":14},"skip":true}]},"7":{"line":70,"type":"if","locations":[{"start":{"line":70,"column":12},"end":{"line":70,"column":12},"skip":true},{"start":{"line":70,"column":12},"end":{"line":70,"column":12},"skip":true}]},"8":{"line":70,"type":"binary-expr","locations":[{"start":{"line":70,"column":16},"end":{"line":70,"column":22},"skip":true},{"start":{"line":70,"column":27},"end":{"line":70,"column":32},"skip":true},{"start":{"line":71,"column":20},"end":{"line":71,"column":39},"skip":true},{"start":{"line":72,"column":20},"end":{"line":72,"column":49},"skip":true},{"start":{"line":73,"column":20},"end":{"line":73,"column":58},"skip":true},{"start":{"line":74,"column":20},"end":{"line":74,"column":69},"skip":true}]},"9":{"line":79,"type":"switch","locations":[{"start":{"line":80,"column":20},"end":{"line":80,"column":33},"skip":true},{"start":{"line":81,"column":20},"end":{"line":83,"column":30},"skip":true},{"start":{"line":84,"column":20},"end":{"line":85,"column":49},"skip":true}]},"10":{"line":89,"type":"switch","locations":[{"start":{"line":90,"column":12},"end":{"line":103,"column":22},"skip":true},{"start":{"line":105,"column":12},"end":{"line":106,"column":22},"skip":true}]},"11":{"line":89,"type":"binary-expr","locations":[{"start":{"line":89,"column":20},"end":{"line":89,"column":25},"skip":true},{"start":{"line":89,"column":29},"end":{"line":89,"column":48},"skip":true},{"start":{"line":89,"column":52},"end":{"line":89,"column":74},"skip":true}]},"12":{"line":92,"type":"if","locations":[{"start":{"line":92,"column":16},"end":{"line":92,"column":16},"skip":true},{"start":{"line":92,"column":16},"end":{"line":92,"column":16},"skip":true}]},"13":{"line":108,"type":"if","locations":[{"start":{"line":108,"column":12},"end":{"line":108,"column":12},"skip":true},{"start":{"line":108,"column":12},"end":{"line":108,"column":12},"skip":true}]},"14":{"line":108,"type":"binary-expr","locations":[{"start":{"line":108,"column":16},"end":{"line":108,"column":61},"skip":true},{"start":{"line":108,"column":66},"end":{"line":108,"column":72},"skip":true},{"start":{"line":108,"column":77},"end":{"line":108,"column":82},"skip":true},{"start":{"line":109,"column":20},"end":{"line":109,"column":39},"skip":true},{"start":{"line":110,"column":20},"end":{"line":110,"column":49},"skip":true},{"start":{"line":111,"column":20},"end":{"line":111,"column":58},"skip":true},{"start":{"line":112,"column":20},"end":{"line":112,"column":68},"skip":true}]},"15":{"line":129,"type":"if","locations":[{"start":{"line":129,"column":16},"end":{"line":129,"column":16},"skip":true},{"start":{"line":129,"column":16},"end":{"line":129,"column":16},"skip":true}]},"16":{"line":134,"type":"cond-expr","locations":[{"start":{"line":135,"column":26},"end":{"line":135,"column":29},"skip":true},{"start":{"line":136,"column":26},"end":{"line":136,"column":54},"skip":true}]},"17":{"line":164,"type":"binary-expr","locations":[{"start":{"line":164,"column":27},"end":{"line":164,"column":43},"skip":true},{"start":{"line":164,"column":47},"end":{"line":164,"column":49},"skip":true}]},"18":{"line":258,"type":"if","locations":[{"start":{"line":258,"column":8},"end":{"line":258,"column":8},"skip":true},{"start":{"line":258,"column":8},"end":{"line":258,"column":8},"skip":true}]},"19":{"line":275,"type":"switch","locations":[{"start":{"line":276,"column":20},"end":{"line":277,"column":64},"skip":true},{"start":{"line":278,"column":20},"end":{"line":279,"column":40},"skip":true},{"start":{"line":280,"column":20},"end":{"line":281,"column":40},"skip":true},{"start":{"line":282,"column":20},"end":{"line":283,"column":39},"skip":true}]},"20":{"line":288,"type":"if","locations":[{"start":{"line":288,"column":8},"end":{"line":288,"column":8},"skip":true},{"start":{"line":288,"column":8},"end":{"line":288,"column":8},"skip":true}]},"21":{"line":288,"type":"binary-expr","locations":[{"start":{"line":288,"column":12},"end":{"line":288,"column":40},"skip":true},{"start":{"line":288,"column":44},"end":{"line":288,"column":67},"skip":true}]},"22":{"line":292,"type":"binary-expr","locations":[{"start":{"line":292,"column":12},"end":{"line":292,"column":50},"skip":true},{"start":{"line":293,"column":12},"end":{"line":293,"column":53},"skip":true}]},"23":{"line":297,"type":"binary-expr","locations":[{"start":{"line":297,"column":12},"end":{"line":297,"column":63},"skip":true},{"start":{"line":298,"column":12},"end":{"line":301,"column":36},"skip":true}]},"24":{"line":303,"type":"binary-expr","locations":[{"start":{"line":303,"column":43},"end":{"line":303,"column":75},"skip":true},{"start":{"line":303,"column":79},"end":{"line":303,"column":81},"skip":true}]},"25":{"line":306,"type":"if","locations":[{"start":{"line":306,"column":8},"end":{"line":306,"column":8},"skip":true},{"start":{"line":306,"column":8},"end":{"line":306,"column":8},"skip":true}]},"26":{"line":310,"type":"if","locations":[{"start":{"line":310,"column":8},"end":{"line":310,"column":8},"skip":true},{"start":{"line":310,"column":8},"end":{"line":310,"column":8},"skip":true}]},"27":{"line":313,"type":"binary-expr","locations":[{"start":{"line":313,"column":27},"end":{"line":313,"column":43},"skip":true},{"start":{"line":313,"column":47},"end":{"line":313,"column":53},"skip":true}]},"28":{"line":317,"type":"if","locations":[{"start":{"line":317,"column":12},"end":{"line":317,"column":12},"skip":true},{"start":{"line":317,"column":12},"end":{"line":317,"column":12},"skip":true}]}},"code":["/*","example.js","","quickstart example","","instruction","    1. save this script as example.js","    2. run the shell command:","        $ npm install npmtest-model && PORT=8081 node example.js","    3. play with the browser-demo on http://127.0.0.1:8081","*/","","","","/* istanbul instrument in package npmtest_model */","/*jslint","    bitwise: true,","    browser: true,","    maxerr: 8,","    maxlen: 96,","    node: true,","    nomen: true,","    regexp: true,","    stupid: true","*/","(function () {","    'use strict';","    var local;","","","","    // run shared js-env code - pre-init","    (function () {","        // init local","        local = {};","        // init modeJs","        local.modeJs = (function () {","            try {","                return typeof navigator.userAgent === 'string' &&","                    typeof document.querySelector('body') === 'object' &&","                    typeof XMLHttpRequest.prototype.open === 'function' &&","                    'browser';","            } catch (errorCaughtBrowser) {","                return module.exports &&","                    typeof process.versions.node === 'string' &&","                    typeof require('http').createServer === 'function' &&","                    'node';","            }","        }());","        // init global","        local.global = local.modeJs === 'browser'","            ? window","            : global;","        // init utility2_rollup","        local = local.global.utility2_rollup || (local.modeJs === 'browser'","            ? local.global.utility2_npmtest_model","            : global.utility2_moduleExports);","        // export local","        local.global.local = local;","    }());","    switch (local.modeJs) {","","","","    // post-init","    // run browser js-env code - post-init","    /* istanbul ignore next */","    case 'browser':","        local.testRunBrowser = function (event) {","            if (!event || (event &&","                    event.currentTarget &&","                    event.currentTarget.className &&","                    event.currentTarget.className.includes &&","                    event.currentTarget.className.includes('onreset'))) {","                // reset output","                Array.from(","                    document.querySelectorAll('body > .resettable')","                ).forEach(function (element) {","                    switch (element.tagName) {","                    case 'INPUT':","                    case 'TEXTAREA':","                        element.value = '';","                        break;","                    default:","                        element.textContent = '';","                    }","                });","            }","            switch (event && event.currentTarget && event.currentTarget.id) {","            case 'testRunButton1':","                // show tests","                if (document.querySelector('#testReportDiv1').style.display === 'none') {","                    document.querySelector('#testReportDiv1').style.display = 'block';","                    document.querySelector('#testRunButton1').textContent =","                        'hide internal test';","                    local.modeTest = true;","                    local.testRunDefault(local);","                // hide tests","                } else {","                    document.querySelector('#testReportDiv1').style.display = 'none';","                    document.querySelector('#testRunButton1').textContent = 'run internal test';","                }","                break;","            // custom-case","            default:","                break;","            }","            if (document.querySelector('#inputTextareaEval1') && (!event || (event &&","                    event.currentTarget &&","                    event.currentTarget.className &&","                    event.currentTarget.className.includes &&","                    event.currentTarget.className.includes('oneval')))) {","                // try to eval input-code","                try {","                    /*jslint evil: true*/","                    eval(document.querySelector('#inputTextareaEval1').value);","                } catch (errorCaught) {","                    console.error(errorCaught);","                }","            }","        };","        // log stderr and stdout to #outputTextareaStdout1","        ['error', 'log'].forEach(function (key) {","            console[key + '_original'] = console[key];","            console[key] = function () {","                var element;","                console[key + '_original'].apply(console, arguments);","                element = document.querySelector('#outputTextareaStdout1');","                if (!element) {","                    return;","                }","                // append text to #outputTextareaStdout1","                element.value += Array.from(arguments).map(function (arg) {","                    return typeof arg === 'string'","                        ? arg","                        : JSON.stringify(arg, null, 4);","                }).join(' ') + '\\n';","                // scroll textarea to bottom","                element.scrollTop = element.scrollHeight;","            };","        });","        // init event-handling","        ['change', 'click', 'keyup'].forEach(function (event) {","            Array.from(document.querySelectorAll('.on' + event)).forEach(function (element) {","                element.addEventListener(event, local.testRunBrowser);","            });","        });","        // run tests","        local.testRunBrowser();","        break;","","","","    // run node js-env code - post-init","    /* istanbul ignore next */","    case 'node':","        // export local","        module.exports = local;","        // require modules","        local.fs = require('fs');","        local.http = require('http');","        local.url = require('url');","        // init assets","        local.assetsDict = local.assetsDict || {};","        /* jslint-ignore-begin */","        local.assetsDict['/assets.index.template.html'] = '\\","<!doctype html>\\n\\","<html lang=\"en\">\\n\\","<head>\\n\\","<meta charset=\"UTF-8\">\\n\\","<meta name=\"viewport\" content=\"width=device-width, initial-scale=1\">\\n\\","<title>{{env.npm_package_name}} (v{{env.npm_package_version}})</title>\\n\\","<style>\\n\\","/*csslint\\n\\","    box-sizing: false,\\n\\","    universal-selector: false\\n\\","*/\\n\\","* {\\n\\","    box-sizing: border-box;\\n\\","}\\n\\","body {\\n\\","    background: #dde;\\n\\","    font-family: Arial, Helvetica, sans-serif;\\n\\","    margin: 2rem;\\n\\","}\\n\\","body > * {\\n\\","    margin-bottom: 1rem;\\n\\","}\\n\\",".utility2FooterDiv {\\n\\","    margin-top: 20px;\\n\\","    text-align: center;\\n\\","}\\n\\","</style>\\n\\","<style>\\n\\","/*csslint\\n\\","*/\\n\\","textarea {\\n\\","    font-family: monospace;\\n\\","    height: 10rem;\\n\\","    width: 100%;\\n\\","}\\n\\","textarea[readonly] {\\n\\","    background: #ddd;\\n\\","}\\n\\","</style>\\n\\","</head>\\n\\","<body>\\n\\","<!-- utility2-comment\\n\\","<div id=\"ajaxProgressDiv1\" style=\"background: #d00; height: 2px; left: 0; margin: 0; padding: 0; position: fixed; top: 0; transition: background 0.5s, width 1.5s; width: 25%;\"></div>\\n\\","utility2-comment -->\\n\\","<h1>\\n\\","<!-- utility2-comment\\n\\","    <a\\n\\","        {{#if env.npm_package_homepage}}\\n\\","        href=\"{{env.npm_package_homepage}}\"\\n\\","        {{/if env.npm_package_homepage}}\\n\\","        target=\"_blank\"\\n\\","    >\\n\\","utility2-comment -->\\n\\","        {{env.npm_package_name}} (v{{env.npm_package_version}})\\n\\","<!-- utility2-comment\\n\\","    </a>\\n\\","utility2-comment -->\\n\\","</h1>\\n\\","<h3>{{env.npm_package_description}}</h3>\\n\\","<!-- utility2-comment\\n\\","<h4><a download href=\"assets.app.js\">download standalone app</a></h4>\\n\\","<button class=\"onclick onreset\" id=\"testRunButton1\">run internal test</button><br>\\n\\","<div id=\"testReportDiv1\" style=\"display: none;\"></div>\\n\\","utility2-comment -->\\n\\","\\n\\","\\n\\","\\n\\","<label>stderr and stdout</label>\\n\\","<textarea class=\"resettable\" id=\"outputTextareaStdout1\" readonly></textarea>\\n\\","<!-- utility2-comment\\n\\","{{#if isRollup}}\\n\\","<script src=\"assets.app.js\"></script>\\n\\","{{#unless isRollup}}\\n\\","utility2-comment -->\\n\\","<script src=\"assets.utility2.rollup.js\"></script>\\n\\","<script src=\"jsonp.utility2._stateInit?callback=window.utility2._stateInit\"></script>\\n\\","<script src=\"assets.npmtest_model.rollup.js\"></script>\\n\\","<script src=\"assets.example.js\"></script>\\n\\","<script src=\"assets.test.js\"></script>\\n\\","<!-- utility2-comment\\n\\","{{/if isRollup}}\\n\\","utility2-comment -->\\n\\","<div class=\"utility2FooterDiv\">\\n\\","    [ this app was created with\\n\\","    <a href=\"https://github.com/kaizhu256/node-utility2\" target=\"_blank\">utility2</a>\\n\\","    ]\\n\\","</div>\\n\\","</body>\\n\\","</html>\\n\\","';","        /* jslint-ignore-end */","        if (local.templateRender) {","            local.assetsDict['/'] = local.templateRender(","                local.assetsDict['/assets.index.template.html'],","                {","                    env: local.objectSetDefault(local.env, {","                        npm_package_description: 'the greatest app in the world!',","                        npm_package_name: 'my-app',","                        npm_package_nameAlias: 'my_app',","                        npm_package_version: '0.0.1'","                    })","                }","            );","        } else {","            local.assetsDict['/'] = local.assetsDict['/assets.index.template.html']","                .replace((/\\{\\{env\\.(\\w+?)\\}\\}/g), function (match0, match1) {","                    // jslint-hack","                    String(match0);","                    switch (match1) {","                    case 'npm_package_description':","                        return 'the greatest app in the world!';","                    case 'npm_package_name':","                        return 'my-app';","                    case 'npm_package_nameAlias':","                        return 'my_app';","                    case 'npm_package_version':","                        return '0.0.1';","                    }","                });","        }","        // run the cli","        if (local.global.utility2_rollup || module !== require.main) {","            break;","        }","        local.assetsDict['/assets.example.js'] =","            local.assetsDict['/assets.example.js'] ||","            local.fs.readFileSync(__filename, 'utf8');","        // bug-workaround - long $npm_package_buildCustomOrg","        /* jslint-ignore-begin */","        local.assetsDict['/assets.npmtest_model.rollup.js'] =","            local.assetsDict['/assets.npmtest_model.rollup.js'] ||","            local.fs.readFileSync(","                local.npmtest_model.__dirname + '/lib.npmtest_model.js',","                'utf8'","            ).replace((/^#!/), '//');","        /* jslint-ignore-end */","        local.assetsDict['/favicon.ico'] = local.assetsDict['/favicon.ico'] || '';","        // if $npm_config_timeout_exit exists,","        // then exit this process after $npm_config_timeout_exit ms","        if (Number(process.env.npm_config_timeout_exit)) {","            setTimeout(process.exit, Number(process.env.npm_config_timeout_exit));","        }","        // start server","        if (local.global.utility2_serverHttp1) {","            break;","        }","        process.env.PORT = process.env.PORT || '8081';","        console.error('server starting on port ' + process.env.PORT);","        local.http.createServer(function (request, response) {","            request.urlParsed = local.url.parse(request.url);","            if (local.assetsDict[request.urlParsed.pathname] !== undefined) {","                response.end(local.assetsDict[request.urlParsed.pathname]);","                return;","            }","            response.statusCode = 404;","            response.end();","        }).listen(process.env.PORT);","        break;","    }","}());",""],"l":{"26":2,"28":2,"33":2,"35":2,"37":2,"38":2,"39":2,"44":1,"51":2,"55":2,"59":2,"61":2,"69":1,"70":2,"76":2,"79":2,"82":2,"83":2,"85":1,"89":2,"92":1,"93":1,"94":1,"96":1,"97":1,"100":1,"101":1,"103":1,"106":1,"108":2,"114":1,"116":1,"118":1,"123":1,"124":2,"125":2,"126":3,"127":3,"128":3,"129":3,"130":1,"133":3,"134":3,"139":3,"143":1,"144":3,"145":1,"149":1,"150":1,"158":1,"160":1,"161":1,"162":1,"164":1,"166":1,"258":1,"259":1,"271":1,"274":6,"275":6,"277":1,"279":2,"281":1,"283":2,"288":1,"289":1,"291":1,"296":1,"303":1,"306":1,"307":1,"310":1,"311":1,"313":1,"314":1,"315":1,"316":1,"317":1,"318":1,"319":1,"321":1,"322":1,"324":1}},"/home/travis/build/npmtest/node-npmtest-model/node_modules/model/lib/index.js":{"path":"/home/travis/build/npmtest/node-npmtest-model/node_modules/model/lib/index.js","s":{"1":1,"2":1,"3":1,"4":1,"5":1,"6":1,"7":1,"8":1,"9":1,"10":1,"11":1,"12":1,"13":1,"14":1,"15":1,"16":0,"17":0,"18":0,"19":0,"20":0,"21":0,"22":0,"23":0,"24":0,"25":0,"26":0,"27":0,"28":0,"29":0,"30":0,"31":0,"32":0,"33":0,"34":0,"35":0,"36":0,"37":0,"38":0,"39":0,"40":0,"41":0,"42":0,"43":0,"44":0,"45":0,"46":0,"47":0,"48":0,"49":0,"50":0,"51":0,"52":0,"53":0,"54":0,"55":0,"56":0,"57":0,"58":0,"59":0,"60":0,"61":0,"62":0,"63":0,"64":0,"65":0,"66":0,"67":0,"68":0,"69":0,"70":0,"71":0,"72":0,"73":0,"74":0,"75":0,"76":0,"77":0,"78":0,"79":0,"80":0,"81":0,"82":0,"83":0,"84":0,"85":0,"86":1,"87":0,"88":0,"89":0,"90":0,"91":0,"92":0,"93":0,"94":0,"95":0,"96":0,"97":0,"98":0,"99":0,"100":0,"101":0,"102":0,"103":0,"104":0,"105":0,"106":0,"107":0,"108":0,"109":0,"110":0,"111":0,"112":0,"113":0,"114":0,"115":0,"116":0,"117":0,"118":0,"119":0,"120":0,"121":0,"122":0,"123":0,"124":0,"125":0,"126":0,"127":0,"128":0,"129":0,"130":0,"131":0,"132":0,"133":0,"134":0,"135":0,"136":0,"137":0,"138":0,"139":0,"140":0,"141":0,"142":0,"143":0,"144":0,"145":0,"146":0,"147":0,"148":0,"149":0,"150":0,"151":0,"152":0,"153":0,"154":0,"155":0,"156":0,"157":0,"158":0,"159":0,"160":0,"161":0,"162":0,"163":0,"164":0,"165":0,"166":0,"167":0,"168":0,"169":0,"170":0,"171":0,"172":0,"173":0,"174":0,"175":0,"176":0,"177":0,"178":0,"179":0,"180":0,"181":0,"182":0,"183":0,"184":0,"185":0,"186":0,"187":0,"188":0,"189":0,"190":0,"191":0,"192":0,"193":0,"194":0,"195":0,"196":0,"197":0,"198":0,"199":0,"200":0,"201":0,"202":0,"203":0,"204":0,"205":0,"206":0,"207":0,"208":0,"209":0,"210":0,"211":0,"212":1,"213":0,"214":0,"215":0,"216":0,"217":1,"218":0,"219":0,"220":0,"221":0,"222":0,"223":0,"224":1,"225":0,"226":1,"227":0,"228":0,"229":0,"230":0,"231":0,"232":0,"233":0,"234":0,"235":0,"236":0,"237":0,"238":0,"239":0,"240":0,"241":1,"242":0,"243":0,"244":0,"245":0,"246":0,"247":0,"248":0,"249":0,"250":0,"251":0,"252":1,"253":0,"254":0,"255":0,"256":0,"257":0,"258":0,"259":0,"260":0,"261":0,"262":0,"263":0,"264":0,"265":1,"266":0,"267":0,"268":0,"269":0,"270":0,"271":0,"272":0,"273":0,"274":0,"275":0,"276":0,"277":0,"278":0,"279":0,"280":0,"281":0,"282":0,"283":0,"284":0,"285":0,"286":0,"287":0,"288":0,"289":0,"290":0,"291":0,"292":0,"293":0,"294":0,"295":0,"296":0,"297":0,"298":0,"299":0,"300":0,"301":0,"302":0,"303":1,"304":0,"305":0,"306":0,"307":0,"308":0,"309":0,"310":0,"311":0,"312":0,"313":0,"314":0,"315":0,"316":0,"317":0,"318":0,"319":0,"320":0,"321":0,"322":1,"323":0,"324":1,"325":0,"326":1,"327":0,"328":0,"329":0,"330":0,"331":1,"332":0,"333":0,"334":1,"335":0,"336":0,"337":0,"338":0,"339":0,"340":0,"341":1,"342":0,"343":0,"344":0,"345":0,"346":0,"347":0,"348":1,"349":0,"350":1,"351":0,"352":0,"353":0,"354":1,"355":0,"356":1,"357":0,"358":0,"359":0,"360":0,"361":0,"362":0,"363":0,"364":0,"365":0,"366":0,"367":0,"368":0,"369":0,"370":0,"371":0,"372":0,"373":0,"374":0,"375":0,"376":0,"377":0,"378":0,"379":0,"380":0,"381":0,"382":0,"383":0,"384":0,"385":0,"386":0,"387":0,"388":0,"389":0,"390":0,"391":0,"392":0,"393":0,"394":0,"395":0,"396":0,"397":0,"398":0,"399":0,"400":0,"401":0,"402":0,"403":0,"404":0,"405":0,"406":0,"407":0,"408":0,"409":0,"410":0,"411":0,"412":0,"413":0,"414":0,"415":0,"416":0,"417":0,"418":0,"419":0,"420":0,"421":0,"422":0,"423":0,"424":0,"425":0,"426":1,"427":0,"428":0,"429":0,"430":1,"431":0,"432":0,"433":0,"434":0,"435":0,"436":0,"437":0,"438":0,"439":0,"440":0,"441":0,"442":0,"443":0,"444":0,"445":0,"446":0,"447":0,"448":1,"449":0,"450":0,"451":0,"452":1,"453":1,"454":1,"455":1},"b":{"1":[0,0],"2":[0,0],"3":[0,0],"4":[0,0],"5":[0,0],"6":[0,0],"7":[0,0],"8":[0,0],"9":[0,0],"10":[0,0],"11":[0,0],"12":[0,0],"13":[0,0],"14":[0,0],"15":[0,0],"16":[0,0],"17":[0,0],"18":[0,0],"19":[0,0],"20":[0,0],"21":[0,0],"22":[0,0],"23":[0,0],"24":[0,0],"25":[0,0],"26":[0,0],"27":[0,0],"28":[0,0],"29":[0,0],"30":[0,0],"31":[0,0],"32":[0,0],"33":[0,0],"34":[0,0],"35":[0,0],"36":[0,0],"37":[0,0],"38":[0,0],"39":[0,0],"40":[0,0],"41":[0,0],"42":[0,0],"43":[0,0],"44":[0,0],"45":[0,0],"46":[0,0],"47":[0,0],"48":[0,0],"49":[0,0],"50":[0,0],"51":[0,0],"52":[0,0],"53":[0,0],"54":[0,0],"55":[0,0],"56":[0,0],"57":[0,0],"58":[0,0],"59":[0,0],"60":[0,0],"61":[0,0],"62":[0,0],"63":[0,0],"64":[0,0],"65":[0,0],"66":[0,0],"67":[0,0],"68":[0,0],"69":[0,0],"70":[0,0],"71":[0,0],"72":[0,0],"73":[0,0],"74":[0,0],"75":[0,0],"76":[0,0],"77":[0,0],"78":[0,0],"79":[0,0],"80":[0,0],"81":[0,0],"82":[0,0],"83":[0,0],"84":[0,0],"85":[0,0],"86":[0,0],"87":[0,0],"88":[0,0],"89":[0,0],"90":[0,0],"91":[0,0],"92":[0,0],"93":[0,0],"94":[0,0],"95":[0,0,0],"96":[0,0],"97":[0,0],"98":[0,0],"99":[0,0],"100":[0,0],"101":[0,0],"102":[0,0],"103":[0,0],"104":[0,0,0],"105":[0,0],"106":[0,0],"107":[0,0],"108":[0,0],"109":[0,0],"110":[0,0],"111":[0,0],"112":[0,0],"113":[0,0],"114":[0,0],"115":[0,0],"116":[0,0],"117":[0,0],"118":[0,0],"119":[0,0],"120":[0,0],"121":[0,0],"122":[0,0],"123":[0,0],"124":[0,0]},"f":{"1":1,"2":0,"3":0,"4":0,"5":0,"6":0,"7":0,"8":0,"9":0,"10":0,"11":0,"12":0,"13":0,"14":0,"15":0,"16":0,"17":0,"18":0,"19":0,"20":0,"21":0,"22":0,"23":0,"24":0,"25":0,"26":0,"27":0,"28":0,"29":0,"30":0,"31":0,"32":0,"33":0,"34":0,"35":0,"36":0,"37":0,"38":0,"39":0,"40":0,"41":0,"42":0,"43":0,"44":0,"45":0,"46":0,"47":0,"48":0,"49":0,"50":0,"51":0,"52":0,"53":0,"54":0,"55":0,"56":0,"57":0,"58":0,"59":0,"60":0,"61":0,"62":0,"63":0,"64":0,"65":0,"66":0,"67":0,"68":0,"69":0,"70":0},"fnMap":{"1":{"name":"(anonymous_1)","line":62,"loc":{"start":{"line":62,"column":24},"end":{"line":62,"column":36}}},"2":{"name":"(anonymous_2)","line":65,"loc":{"start":{"line":65,"column":19},"end":{"line":65,"column":31}}},"3":{"name":"(anonymous_3)","line":74,"loc":{"start":{"line":74,"column":13},"end":{"line":74,"column":25}}},"4":{"name":"(anonymous_4)","line":78,"loc":{"start":{"line":78,"column":36},"end":{"line":78,"column":51}}},"5":{"name":"(anonymous_5)","line":80,"loc":{"start":{"line":80,"column":31},"end":{"line":80,"column":49}}},"6":{"name":"(anonymous_6)","line":95,"loc":{"start":{"line":95,"column":21},"end":{"line":95,"column":33}}},"7":{"name":"(anonymous_7)","line":111,"loc":{"start":{"line":111,"column":18},"end":{"line":111,"column":30}}},"8":{"name":"(anonymous_8)","line":115,"loc":{"start":{"line":115,"column":39},"end":{"line":115,"column":60}}},"9":{"name":"(anonymous_9)","line":139,"loc":{"start":{"line":139,"column":30},"end":{"line":139,"column":54}}},"10":{"name":"(anonymous_10)","line":151,"loc":{"start":{"line":151,"column":20},"end":{"line":151,"column":39}}},"11":{"name":"(anonymous_11)","line":186,"loc":{"start":{"line":186,"column":26},"end":{"line":186,"column":39}}},"12":{"name":"(anonymous_12)","line":198,"loc":{"start":{"line":198,"column":22},"end":{"line":198,"column":34}}},"13":{"name":"(anonymous_13)","line":228,"loc":{"start":{"line":228,"column":19},"end":{"line":228,"column":31}}},"14":{"name":"(anonymous_14)","line":241,"loc":{"start":{"line":241,"column":49},"end":{"line":241,"column":62}}},"15":{"name":"(anonymous_15)","line":243,"loc":{"start":{"line":243,"column":27},"end":{"line":243,"column":62}}},"16":{"name":"(anonymous_16)","line":244,"loc":{"start":{"line":244,"column":21},"end":{"line":244,"column":33}}},"17":{"name":"(anonymous_17)","line":253,"loc":{"start":{"line":253,"column":13},"end":{"line":253,"column":33}}},"18":{"name":"(anonymous_18)","line":281,"loc":{"start":{"line":281,"column":34},"end":{"line":281,"column":50}}},"19":{"name":"(anonymous_19)","line":299,"loc":{"start":{"line":299,"column":17},"end":{"line":299,"column":29}}},"20":{"name":"(anonymous_20)","line":305,"loc":{"start":{"line":305,"column":21},"end":{"line":305,"column":32}}},"21":{"name":"(anonymous_21)","line":310,"loc":{"start":{"line":310,"column":16},"end":{"line":310,"column":28}}},"22":{"name":"(anonymous_22)","line":329,"loc":{"start":{"line":329,"column":45},"end":{"line":329,"column":66}}},"23":{"name":"(anonymous_23)","line":337,"loc":{"start":{"line":337,"column":43},"end":{"line":337,"column":64}}},"24":{"name":"(anonymous_24)","line":359,"loc":{"start":{"line":359,"column":16},"end":{"line":359,"column":27}}},"25":{"name":"(anonymous_25)","line":361,"loc":{"start":{"line":361,"column":35},"end":{"line":361,"column":47}}},"26":{"name":"(anonymous_26)","line":374,"loc":{"start":{"line":374,"column":14},"end":{"line":374,"column":26}}},"27":{"name":"(anonymous_27)","line":397,"loc":{"start":{"line":397,"column":15},"end":{"line":397,"column":27}}},"28":{"name":"(anonymous_28)","line":400,"loc":{"start":{"line":400,"column":21},"end":{"line":400,"column":33}}},"29":{"name":"(anonymous_29)","line":404,"loc":{"start":{"line":404,"column":35},"end":{"line":404,"column":47}}},"30":{"name":"(anonymous_30)","line":462,"loc":{"start":{"line":462,"column":52},"end":{"line":462,"column":72}}},"31":{"name":"(anonymous_31)","line":477,"loc":{"start":{"line":477,"column":17},"end":{"line":477,"column":29}}},"32":{"name":"(anonymous_32)","line":490,"loc":{"start":{"line":490,"column":31},"end":{"line":490,"column":43}}},"33":{"name":"(anonymous_33)","line":511,"loc":{"start":{"line":511,"column":53},"end":{"line":511,"column":73}}},"34":{"name":"(anonymous_34)","line":526,"loc":{"start":{"line":526,"column":17},"end":{"line":526,"column":29}}},"35":{"name":"(anonymous_35)","line":538,"loc":{"start":{"line":538,"column":31},"end":{"line":538,"column":43}}},"36":{"name":"(anonymous_36)","line":550,"loc":{"start":{"line":550,"column":47},"end":{"line":550,"column":67}}},"37":{"name":"(anonymous_37)","line":558,"loc":{"start":{"line":558,"column":27},"end":{"line":558,"column":39}}},"38":{"name":"(anonymous_38)","line":569,"loc":{"start":{"line":569,"column":26},"end":{"line":569,"column":42}}},"39":{"name":"(anonymous_39)","line":571,"loc":{"start":{"line":571,"column":17},"end":{"line":571,"column":30}}},"40":{"name":"(anonymous_40)","line":580,"loc":{"start":{"line":580,"column":29},"end":{"line":580,"column":45}}},"41":{"name":"(anonymous_41)","line":582,"loc":{"start":{"line":582,"column":17},"end":{"line":582,"column":30}}},"42":{"name":"(anonymous_42)","line":595,"loc":{"start":{"line":595,"column":18},"end":{"line":595,"column":51}}},"43":{"name":"(anonymous_43)","line":599,"loc":{"start":{"line":599,"column":28},"end":{"line":599,"column":61}}},"44":{"name":"(anonymous_44)","line":641,"loc":{"start":{"line":641,"column":20},"end":{"line":641,"column":42}}},"45":{"name":"(anonymous_45)","line":664,"loc":{"start":{"line":664,"column":20},"end":{"line":664,"column":50}}},"46":{"name":"(anonymous_46)","line":689,"loc":{"start":{"line":689,"column":37},"end":{"line":689,"column":73}}},"47":{"name":"(anonymous_47)","line":780,"loc":{"start":{"line":780,"column":26},"end":{"line":780,"column":56}}},"48":{"name":"(anonymous_48)","line":851,"loc":{"start":{"line":851,"column":23},"end":{"line":851,"column":47}}},"49":{"name":"(anonymous_49)","line":855,"loc":{"start":{"line":855,"column":24},"end":{"line":855,"column":40}}},"50":{"name":"(anonymous_50)","line":859,"loc":{"start":{"line":859,"column":28},"end":{"line":859,"column":49}}},"51":{"name":"(anonymous_51)","line":870,"loc":{"start":{"line":870,"column":27},"end":{"line":870,"column":51}}},"52":{"name":"(anonymous_52)","line":876,"loc":{"start":{"line":876,"column":24},"end":{"line":876,"column":46}}},"53":{"name":"(anonymous_53)","line":890,"loc":{"start":{"line":890,"column":28},"end":{"line":890,"column":50}}},"54":{"name":"(anonymous_54)","line":904,"loc":{"start":{"line":904,"column":24},"end":{"line":904,"column":40}}},"55":{"name":"(anonymous_55)","line":908,"loc":{"start":{"line":908,"column":27},"end":{"line":908,"column":39}}},"56":{"name":"(anonymous_56)","line":915,"loc":{"start":{"line":915,"column":30},"end":{"line":915,"column":45}}},"57":{"name":"(anonymous_57)","line":921,"loc":{"start":{"line":921,"column":28},"end":{"line":921,"column":44}}},"58":{"name":"(anonymous_58)","line":924,"loc":{"start":{"line":924,"column":25},"end":{"line":924,"column":38}}},"59":{"name":"(anonymous_59)","line":925,"loc":{"start":{"line":925,"column":15},"end":{"line":925,"column":27}}},"60":{"name":"(anonymous_60)","line":934,"loc":{"start":{"line":934,"column":20},"end":{"line":934,"column":44}}},"61":{"name":"(anonymous_61)","line":939,"loc":{"start":{"line":939,"column":18},"end":{"line":939,"column":53}}},"62":{"name":"(anonymous_62)","line":953,"loc":{"start":{"line":953,"column":26},"end":{"line":953,"column":41}}},"63":{"name":"(anonymous_63)","line":975,"loc":{"start":{"line":975,"column":19},"end":{"line":975,"column":31}}},"64":{"name":"(anonymous_64)","line":1024,"loc":{"start":{"line":1024,"column":45},"end":{"line":1024,"column":64}}},"65":{"name":"(anonymous_65)","line":1025,"loc":{"start":{"line":1025,"column":20},"end":{"line":1025,"column":45}}},"66":{"name":"(anonymous_66)","line":1045,"loc":{"start":{"line":1045,"column":29},"end":{"line":1045,"column":49}}},"67":{"name":"(anonymous_67)","line":1046,"loc":{"start":{"line":1046,"column":15},"end":{"line":1046,"column":27}}},"68":{"name":"(anonymous_68)","line":1096,"loc":{"start":{"line":1096,"column":25},"end":{"line":1096,"column":41}}},"69":{"name":"(anonymous_69)","line":1102,"loc":{"start":{"line":1102,"column":28},"end":{"line":1102,"column":57}}},"70":{"name":"(anonymous_70)","line":1145,"loc":{"start":{"line":1145,"column":30},"end":{"line":1145,"column":63}}}},"statementMap":{"1":{"start":{"line":44,"column":0},"end":{"line":52,"column":16}},"2":{"start":{"line":54,"column":0},"end":{"line":60,"column":6}},"3":{"start":{"line":62,"column":0},"end":{"line":919,"column":6}},"4":{"start":{"line":64,"column":2},"end":{"line":64,"column":23}},"5":{"start":{"line":65,"column":2},"end":{"line":65,"column":34}},"6":{"start":{"line":66,"column":2},"end":{"line":66,"column":21}},"7":{"start":{"line":67,"column":2},"end":{"line":67,"column":32}},"8":{"start":{"line":68,"column":2},"end":{"line":68,"column":29}},"9":{"start":{"line":70,"column":2},"end":{"line":70,"column":23}},"10":{"start":{"line":71,"column":2},"end":{"line":71,"column":44}},"11":{"start":{"line":72,"column":2},"end":{"line":72,"column":44}},"12":{"start":{"line":73,"column":2},"end":{"line":73,"column":52}},"13":{"start":{"line":74,"column":2},"end":{"line":74,"column":28}},"14":{"start":{"line":76,"column":2},"end":{"line":76,"column":46}},"15":{"start":{"line":78,"column":2},"end":{"line":279,"column":4}},"16":{"start":{"line":80,"column":4},"end":{"line":276,"column":6}},"17":{"start":{"line":81,"column":6},"end":{"line":82,"column":74}},"18":{"start":{"line":84,"column":6},"end":{"line":84,"column":27}},"19":{"start":{"line":86,"column":6},"end":{"line":86,"column":43}},"20":{"start":{"line":91,"column":6},"end":{"line":93,"column":7}},"21":{"start":{"line":92,"column":8},"end":{"line":92,"column":28}},"22":{"start":{"line":95,"column":6},"end":{"line":97,"column":8}},"23":{"start":{"line":96,"column":8},"end":{"line":96,"column":28}},"24":{"start":{"line":111,"column":6},"end":{"line":123,"column":8}},"25":{"start":{"line":112,"column":8},"end":{"line":113,"column":33}},"26":{"start":{"line":114,"column":8},"end":{"line":114,"column":27}},"27":{"start":{"line":115,"column":8},"end":{"line":122,"column":11}},"28":{"start":{"line":116,"column":10},"end":{"line":116,"column":17}},"29":{"start":{"line":117,"column":10},"end":{"line":120,"column":11}},"30":{"start":{"line":118,"column":12},"end":{"line":118,"column":28}},"31":{"start":{"line":119,"column":12},"end":{"line":119,"column":27}},"32":{"start":{"line":121,"column":10},"end":{"line":121,"column":32}},"33":{"start":{"line":139,"column":6},"end":{"line":141,"column":8}},"34":{"start":{"line":140,"column":8},"end":{"line":140,"column":51}},"35":{"start":{"line":143,"column":6},"end":{"line":143,"column":52}},"36":{"start":{"line":151,"column":6},"end":{"line":193,"column":8}},"37":{"start":{"line":152,"column":8},"end":{"line":165,"column":21}},"38":{"start":{"line":167,"column":8},"end":{"line":167,"column":58}},"39":{"start":{"line":170,"column":8},"end":{"line":172,"column":9}},"40":{"start":{"line":171,"column":10},"end":{"line":171,"column":27}},"41":{"start":{"line":175,"column":8},"end":{"line":183,"column":9}},"42":{"start":{"line":176,"column":10},"end":{"line":176,"column":37}},"43":{"start":{"line":177,"column":10},"end":{"line":182,"column":11}},"44":{"start":{"line":178,"column":12},"end":{"line":178,"column":75}},"45":{"start":{"line":179,"column":12},"end":{"line":181,"column":13}},"46":{"start":{"line":180,"column":14},"end":{"line":180,"column":45}},"47":{"start":{"line":186,"column":8},"end":{"line":190,"column":11}},"48":{"start":{"line":187,"column":10},"end":{"line":189,"column":11}},"49":{"start":{"line":188,"column":12},"end":{"line":188,"column":29}},"50":{"start":{"line":192,"column":8},"end":{"line":192,"column":19}},"51":{"start":{"line":195,"column":6},"end":{"line":195,"column":32}},"52":{"start":{"line":196,"column":6},"end":{"line":196,"column":31}},"53":{"start":{"line":198,"column":6},"end":{"line":214,"column":8}},"54":{"start":{"line":199,"column":8},"end":{"line":202,"column":22}},"55":{"start":{"line":204,"column":8},"end":{"line":204,"column":25}},"56":{"start":{"line":205,"column":8},"end":{"line":205,"column":29}},"57":{"start":{"line":207,"column":8},"end":{"line":211,"column":9}},"58":{"start":{"line":208,"column":10},"end":{"line":208,"column":63}},"59":{"start":{"line":209,"column":10},"end":{"line":210,"column":43}},"60":{"start":{"line":213,"column":8},"end":{"line":213,"column":35}},"61":{"start":{"line":217,"column":6},"end":{"line":217,"column":57}},"62":{"start":{"line":218,"column":6},"end":{"line":218,"column":63}},"63":{"start":{"line":219,"column":6},"end":{"line":219,"column":63}},"64":{"start":{"line":220,"column":6},"end":{"line":220,"column":77}},"65":{"start":{"line":228,"column":6},"end":{"line":237,"column":8}},"66":{"start":{"line":229,"column":8},"end":{"line":229,"column":22}},"67":{"start":{"line":232,"column":8},"end":{"line":232,"column":92}},"68":{"start":{"line":233,"column":8},"end":{"line":233,"column":70}},"69":{"start":{"line":234,"column":8},"end":{"line":234,"column":39}},"70":{"start":{"line":236,"column":8},"end":{"line":236,"column":25}},"71":{"start":{"line":241,"column":6},"end":{"line":274,"column":9}},"72":{"start":{"line":242,"column":8},"end":{"line":250,"column":14}},"73":{"start":{"line":244,"column":14},"end":{"line":249,"column":16}},"74":{"start":{"line":245,"column":16},"end":{"line":245,"column":65}},"75":{"start":{"line":246,"column":16},"end":{"line":246,"column":39}},"76":{"start":{"line":247,"column":16},"end":{"line":247,"column":38}},"77":{"start":{"line":248,"column":16},"end":{"line":248,"column":61}},"78":{"start":{"line":251,"column":8},"end":{"line":273,"column":9}},"79":{"start":{"line":252,"column":10},"end":{"line":272,"column":11}},"80":{"start":{"line":253,"column":12},"end":{"line":271,"column":25}},"81":{"start":{"line":254,"column":14},"end":{"line":256,"column":64}},"82":{"start":{"line":261,"column":14},"end":{"line":261,"column":75}},"83":{"start":{"line":266,"column":14},"end":{"line":266,"column":83}},"84":{"start":{"line":270,"column":14},"end":{"line":270,"column":79}},"85":{"start":{"line":278,"column":4},"end":{"line":278,"column":32}},"86":{"start":{"line":281,"column":2},"end":{"line":567,"column":4}},"87":{"start":{"line":282,"column":4},"end":{"line":282,"column":17}},"88":{"start":{"line":299,"column":4},"end":{"line":303,"column":6}},"89":{"start":{"line":300,"column":6},"end":{"line":300,"column":55}},"90":{"start":{"line":301,"column":6},"end":{"line":301,"column":25}},"91":{"start":{"line":302,"column":6},"end":{"line":302,"column":49}},"92":{"start":{"line":305,"column":4},"end":{"line":307,"column":6}},"93":{"start":{"line":306,"column":6},"end":{"line":306,"column":44}},"94":{"start":{"line":310,"column":4},"end":{"line":357,"column":6}},"95":{"start":{"line":311,"column":6},"end":{"line":315,"column":22}},"96":{"start":{"line":317,"column":6},"end":{"line":319,"column":7}},"97":{"start":{"line":318,"column":8},"end":{"line":318,"column":28}},"98":{"start":{"line":321,"column":6},"end":{"line":354,"column":7}},"99":{"start":{"line":322,"column":8},"end":{"line":322,"column":23}},"100":{"start":{"line":326,"column":8},"end":{"line":353,"column":9}},"101":{"start":{"line":327,"column":10},"end":{"line":327,"column":46}},"102":{"start":{"line":328,"column":10},"end":{"line":328,"column":38}},"103":{"start":{"line":329,"column":10},"end":{"line":352,"column":13}},"104":{"start":{"line":330,"column":12},"end":{"line":332,"column":13}},"105":{"start":{"line":331,"column":14},"end":{"line":331,"column":41}},"106":{"start":{"line":333,"column":12},"end":{"line":351,"column":13}},"107":{"start":{"line":334,"column":14},"end":{"line":334,"column":32}},"108":{"start":{"line":337,"column":14},"end":{"line":347,"column":17}},"109":{"start":{"line":338,"column":16},"end":{"line":340,"column":17}},"110":{"start":{"line":339,"column":18},"end":{"line":339,"column":45}},"111":{"start":{"line":341,"column":16},"end":{"line":346,"column":17}},"112":{"start":{"line":342,"column":18},"end":{"line":342,"column":42}},"113":{"start":{"line":345,"column":18},"end":{"line":345,"column":39}},"114":{"start":{"line":350,"column":14},"end":{"line":350,"column":35}},"115":{"start":{"line":356,"column":6},"end":{"line":356,"column":44}},"116":{"start":{"line":359,"column":4},"end":{"line":369,"column":6}},"117":{"start":{"line":360,"column":6},"end":{"line":363,"column":36}},"118":{"start":{"line":364,"column":6},"end":{"line":364,"column":24}},"119":{"start":{"line":365,"column":6},"end":{"line":367,"column":7}},"120":{"start":{"line":366,"column":8},"end":{"line":366,"column":84}},"121":{"start":{"line":368,"column":6},"end":{"line":368,"column":57}},"122":{"start":{"line":372,"column":4},"end":{"line":372,"column":25}},"123":{"start":{"line":374,"column":4},"end":{"line":395,"column":6}},"124":{"start":{"line":375,"column":6},"end":{"line":382,"column":16}},"125":{"start":{"line":384,"column":6},"end":{"line":384,"column":47}},"126":{"start":{"line":386,"column":6},"end":{"line":386,"column":50}},"127":{"start":{"line":388,"column":6},"end":{"line":388,"column":45}},"128":{"start":{"line":389,"column":6},"end":{"line":392,"column":7}},"129":{"start":{"line":390,"column":8},"end":{"line":391,"column":50}},"130":{"start":{"line":394,"column":6},"end":{"line":394,"column":56}},"131":{"start":{"line":397,"column":4},"end":{"line":475,"column":6}},"132":{"start":{"line":398,"column":6},"end":{"line":409,"column":23}},"133":{"start":{"line":401,"column":12},"end":{"line":401,"column":64}},"134":{"start":{"line":411,"column":6},"end":{"line":411,"column":43}},"135":{"start":{"line":413,"column":6},"end":{"line":413,"column":45}},"136":{"start":{"line":415,"column":6},"end":{"line":415,"column":41}},"137":{"start":{"line":420,"column":6},"end":{"line":460,"column":7}},"138":{"start":{"line":422,"column":8},"end":{"line":422,"column":19}},"139":{"start":{"line":424,"column":8},"end":{"line":424,"column":22}},"140":{"start":{"line":425,"column":8},"end":{"line":435,"column":9}},"141":{"start":{"line":426,"column":10},"end":{"line":426,"column":25}},"142":{"start":{"line":427,"column":10},"end":{"line":430,"column":11}},"143":{"start":{"line":428,"column":12},"end":{"line":429,"column":39}},"144":{"start":{"line":432,"column":10},"end":{"line":434,"column":11}},"145":{"start":{"line":433,"column":12},"end":{"line":433,"column":47}},"146":{"start":{"line":440,"column":8},"end":{"line":440,"column":28}},"147":{"start":{"line":442,"column":8},"end":{"line":444,"column":9}},"148":{"start":{"line":443,"column":10},"end":{"line":443,"column":45}},"149":{"start":{"line":446,"column":8},"end":{"line":453,"column":9}},"150":{"start":{"line":447,"column":10},"end":{"line":449,"column":11}},"151":{"start":{"line":448,"column":12},"end":{"line":448,"column":40}},"152":{"start":{"line":451,"column":10},"end":{"line":452,"column":31}},"153":{"start":{"line":455,"column":8},"end":{"line":457,"column":9}},"154":{"start":{"line":456,"column":10},"end":{"line":456,"column":28}},"155":{"start":{"line":458,"column":8},"end":{"line":458,"column":32}},"156":{"start":{"line":459,"column":8},"end":{"line":459,"column":19}},"157":{"start":{"line":462,"column":6},"end":{"line":474,"column":10}},"158":{"start":{"line":463,"column":8},"end":{"line":472,"column":9}},"159":{"start":{"line":464,"column":10},"end":{"line":464,"column":40}},"160":{"start":{"line":465,"column":10},"end":{"line":471,"column":11}},"161":{"start":{"line":466,"column":12},"end":{"line":468,"column":13}},"162":{"start":{"line":467,"column":14},"end":{"line":467,"column":31}},"163":{"start":{"line":470,"column":12},"end":{"line":470,"column":30}},"164":{"start":{"line":473,"column":8},"end":{"line":473,"column":27}},"165":{"start":{"line":477,"column":4},"end":{"line":524,"column":6}},"166":{"start":{"line":478,"column":6},"end":{"line":483,"column":16}},"167":{"start":{"line":485,"column":6},"end":{"line":485,"column":35}},"168":{"start":{"line":486,"column":6},"end":{"line":486,"column":48}},"169":{"start":{"line":487,"column":6},"end":{"line":487,"column":19}},"170":{"start":{"line":489,"column":6},"end":{"line":489,"column":26}},"171":{"start":{"line":490,"column":6},"end":{"line":490,"column":46}},"172":{"start":{"line":491,"column":6},"end":{"line":491,"column":33}},"173":{"start":{"line":492,"column":6},"end":{"line":492,"column":32}},"174":{"start":{"line":494,"column":6},"end":{"line":496,"column":7}},"175":{"start":{"line":495,"column":8},"end":{"line":495,"column":28}},"176":{"start":{"line":499,"column":6},"end":{"line":505,"column":7}},"177":{"start":{"line":501,"column":8},"end":{"line":503,"column":9}},"178":{"start":{"line":502,"column":10},"end":{"line":502,"column":45}},"179":{"start":{"line":504,"column":8},"end":{"line":504,"column":34}},"180":{"start":{"line":507,"column":6},"end":{"line":507,"column":50}},"181":{"start":{"line":509,"column":6},"end":{"line":509,"column":45}},"182":{"start":{"line":511,"column":6},"end":{"line":523,"column":10}},"183":{"start":{"line":512,"column":8},"end":{"line":521,"column":9}},"184":{"start":{"line":513,"column":10},"end":{"line":513,"column":42}},"185":{"start":{"line":515,"column":10},"end":{"line":520,"column":11}},"186":{"start":{"line":516,"column":12},"end":{"line":518,"column":13}},"187":{"start":{"line":517,"column":14},"end":{"line":517,"column":33}},"188":{"start":{"line":519,"column":12},"end":{"line":519,"column":32}},"189":{"start":{"line":522,"column":8},"end":{"line":522,"column":27}},"190":{"start":{"line":526,"column":4},"end":{"line":556,"column":6}},"191":{"start":{"line":527,"column":6},"end":{"line":531,"column":16}},"192":{"start":{"line":533,"column":6},"end":{"line":533,"column":35}},"193":{"start":{"line":534,"column":6},"end":{"line":534,"column":48}},"194":{"start":{"line":535,"column":6},"end":{"line":535,"column":19}},"195":{"start":{"line":537,"column":6},"end":{"line":537,"column":27}},"196":{"start":{"line":538,"column":6},"end":{"line":538,"column":46}},"197":{"start":{"line":539,"column":6},"end":{"line":539,"column":32}},"198":{"start":{"line":541,"column":6},"end":{"line":544,"column":7}},"199":{"start":{"line":542,"column":8},"end":{"line":542,"column":28}},"200":{"start":{"line":543,"column":8},"end":{"line":543,"column":23}},"201":{"start":{"line":546,"column":6},"end":{"line":546,"column":50}},"202":{"start":{"line":548,"column":6},"end":{"line":548,"column":45}},"203":{"start":{"line":550,"column":6},"end":{"line":555,"column":10}},"204":{"start":{"line":551,"column":8},"end":{"line":553,"column":9}},"205":{"start":{"line":552,"column":10},"end":{"line":552,"column":42}},"206":{"start":{"line":554,"column":8},"end":{"line":554,"column":27}},"207":{"start":{"line":558,"column":4},"end":{"line":562,"column":6}},"208":{"start":{"line":559,"column":6},"end":{"line":560,"column":38}},"209":{"start":{"line":561,"column":6},"end":{"line":561,"column":37}},"210":{"start":{"line":564,"column":4},"end":{"line":564,"column":25}},"211":{"start":{"line":566,"column":4},"end":{"line":566,"column":15}},"212":{"start":{"line":569,"column":2},"end":{"line":578,"column":4}},"213":{"start":{"line":570,"column":4},"end":{"line":570,"column":20}},"214":{"start":{"line":571,"column":4},"end":{"line":577,"column":7}},"215":{"start":{"line":573,"column":6},"end":{"line":573,"column":38}},"216":{"start":{"line":576,"column":6},"end":{"line":576,"column":24}},"217":{"start":{"line":580,"column":2},"end":{"line":592,"column":4}},"218":{"start":{"line":581,"column":4},"end":{"line":581,"column":20}},"219":{"start":{"line":582,"column":4},"end":{"line":590,"column":7}},"220":{"start":{"line":584,"column":6},"end":{"line":584,"column":38}},"221":{"start":{"line":587,"column":6},"end":{"line":589,"column":7}},"222":{"start":{"line":588,"column":8},"end":{"line":588,"column":46}},"223":{"start":{"line":591,"column":4},"end":{"line":591,"column":29}},"224":{"start":{"line":595,"column":2},"end":{"line":597,"column":4}},"225":{"start":{"line":596,"column":4},"end":{"line":596,"column":58}},"226":{"start":{"line":599,"column":2},"end":{"line":639,"column":4}},"227":{"start":{"line":600,"column":4},"end":{"line":602,"column":18}},"228":{"start":{"line":606,"column":4},"end":{"line":606,"column":71}},"229":{"start":{"line":608,"column":4},"end":{"line":608,"column":68}},"230":{"start":{"line":609,"column":4},"end":{"line":609,"column":36}},"231":{"start":{"line":614,"column":4},"end":{"line":614,"column":53}},"232":{"start":{"line":617,"column":4},"end":{"line":617,"column":60}},"233":{"start":{"line":620,"column":4},"end":{"line":620,"column":42}},"234":{"start":{"line":623,"column":4},"end":{"line":6
[...]
,"      , otherKeyName","      , selfKeyName","      , reg = model.descriptionRegistry","      , assn = reg[this.type].associations[assnType]","      , modelName","      , through","      , throughModelName","      , throughAssn","      , joinInstance","      , unsaved","      , params;","","    // Bail out if the association doesn't exist","    if (!assn) {","      throw new Error('Model ' + this.type + ' does not have ' + assnType +","          ' association.');","    }","","    modelName = assn[assnName].model","    through = assn[assnName].through;","","    // Normalize inflection","    modelName = utils.inflection.singularize(modelName);","    assnName = utils.inflection.singularize(assnName);","","    otherKeyName = modelName;","    selfKeyName = this.type;","","    // belongsTo","    if (assnType == 'belongsTo') {","      if (!(data._saved && data.id)) {","        throw new Error('Item cannot have a belongTo association ' +","            'if the item it belongs to is not yet saved.');","      }","      // Prefix named assns","      if (modelName != assnName) {","        otherKeyName = assnName + otherKeyName;","      }","      otherKeyName = utils.string.decapitalize(otherKeyName + 'Id');","","      this[otherKeyName] = data.id;","      unsaved = data._unsavedAssociations || [];","      unsaved.push({operation: 'save', item: this});","      data._unsavedAssociations = unsaved;","    }","    // hasOne, hasMany (through)","    else {","      if (!(this._saved && this.id)) {","        throw new Error('Item cannot have a hasOne/hasMany association ' +","            'if it is not yet saved.');","      }","","      // ---------------","      // FIXME: This chained saving happens automagically, so","      // validation errors in the instances just throw, with","      // no visible .errors property","      // ---------------","      // Through assn","      if (through) {","        // Prefix named assns","        if (modelName != assnName) {","          otherKeyName = assnName + otherKeyName;","        }","        otherKeyName = association.getThroughAssnKey(assn[assnName], assnType,","            this.type, {side: 'this'});","        selfKeyName = association.getThroughAssnKey(assn[assnName], assnType,","            this.type, {side: 'other'});","","        through = utils.string.getInflection(through, 'constructor', 'singular');","        // Create join-instance","        params = {};","        params[selfKeyName] = this.id;","        joinInstance = model[through].create(params);","","        unsaved = this._unsavedAssociations || [];","        if (!data._saved) {","          // Mark actual assn for chained save","          unsaved.push({operation: 'save', item: data});","          // When this item gets saved, update the join-instance","          // with the correct assn foreign key","          data.on('save', function () {","            joinInstance[otherKeyName] = data.id;","          });","        }","        else {","          joinInstance[otherKeyName] = data.id;","        }","        // Mark join-instance for chained save","        unsaved.push({operation: 'save', item: joinInstance});","        this._unsavedAssociations = unsaved;","      }","      else {","        // Prefix named assns","        if (modelName != assnName) {","          selfKeyName = assnName + selfKeyName;","        }","        selfKeyName = utils.string.decapitalize(selfKeyName + 'Id');","","        data[selfKeyName] = this.id;","        unsaved = this._unsavedAssociations || [];","        unsaved.push({operation: 'save', item: data});","        this._unsavedAssociations = unsaved;","      }","    }","  };","","  this._removeAssociation = function () {","    var args = Array.prototype.slice.call(arguments)","      , assnName = args.shift()","      , assnType = args.shift()","      , data = args.shift()","      , otherKeyName","      , selfKeyName","      , reg = model.descriptionRegistry","      , assn = reg[this.type].associations[assnType]","      , modelName","      , through","      , throughModelName","      , throughAssn","      , removeQuery","      , unsaved","      , params;","","    // Bail out if the association doesn't exist","    if (!assn) {","      throw new Error('Model ' + this.type + ' does not have ' + assnType +","          ' association.');","    }","","    modelName = assn[assnName].model","    through = assn[assnName].through;","","    // Normalize inflection","    modelName = utils.inflection.singularize(modelName);","    assnName = utils.inflection.singularize(assnName);","","    otherKeyName = modelName;","    selfKeyName = this.type;","","    // belongsTo -- remove the foreign-key value on this obj","    if (assnType == 'belongsTo') {","      if (modelName != assnName) {","        otherKeyName = assnName + otherKeyName;","      }","      otherKeyName = utils.string.decapitalize(otherKeyName + 'Id');","","      this[otherKeyName] = null; // Remove value","      unsaved = data._unsavedAssociations || [];","      unsaved.push({operation: 'save', item: this});","      data._unsavedAssociations = unsaved;","    }","    // hasOne, hasMany (through) -- remove the foreign-key value","    // on the other obj, or remove the join-model instance for through-assn","    else {","      // ---------------","      // FIXME: This chained saving happens automagically, so","      // validation errors in the instances just throw, with","      // no visible .errors property","      // ---------------","      // Through assn","      if (through) {","        // Prefix named assns","        if (modelName != assnName) {","          otherKeyName = assnName + otherKeyName;","        }","        otherKeyName = association.getThroughAssnKey(assn[assnName], assnType,","            this.type, {side: 'this'});","        selfKeyName = association.getThroughAssnKey(assn[assnName], assnType,","            this.type, {side: 'other'});","","        through = utils.string.getInflection(through, 'constructor', 'singular');","","        // Create join-instance","        removeQuery = {};","        removeQuery[selfKeyName] = this.id;","        removeQuery[otherKeyName] = data.id;","","        unsaved = this._unsavedAssociations || [];","        // Mark join-instance for removal","        unsaved.push({operation: 'remove', query: removeQuery, through: through});","        this._unsavedAssociations = unsaved;","      }","      else {","        // Prefix named assns","        if (modelName != assnName) {","          selfKeyName = assnName + selfKeyName;","        }","        selfKeyName = utils.string.decapitalize(selfKeyName + 'Id');","","        data[selfKeyName] = null;","        unsaved = this._unsavedAssociations || [];","        unsaved.push({operation: 'save', item: data});","        this._unsavedAssociations = unsaved;","      }","    }","  };","","  this._commitAssociationChanges = function (callback) {","    var self = this","      , assn","      , unsaved = this._unsavedAssociations || []","      , doIt = function () {","          if ((assn = unsaved.shift())) {","            if (assn.operation == 'save') {","              assn.item.save(function (err, data) {","                if (err) {","                  callback(err);","                }","                else {","                  doIt();","                }","              });","            }","            // Through-associations, removing join-model inst","            else if (assn.operation == 'remove') {","              model[assn.through].remove(assn.query, function (err, data) {","                if (err) {","                  callback(err);","                }","                else {","                  doIt();","                }","              });","            }","            else {","              callback(new Error('Association items can only be saved or removed.'));","            }","          }","          else {","            callback();","          }","        };","","    doIt();","  };","","})();","","module.exports = association;",""],"l":{"1":1,"5":1,"7":1,"8":0,"15":0,"16":0,"19":0,"20":0,"21":0,"22":0,"23":0,"28":0,"29":0,"31":0,"34":0,"37":0,"38":0,"41":0,"43":0,"45":0,"48":1,"49":0,"68":0,"69":0,"73":0,"74":0,"77":0,"78":0,"81":0,"82":0,"83":0,"84":0,"87":0,"92":0,"95":0,"99":0,"100":0,"101":0,"102":0,"104":0,"105":0,"111":0,"112":0,"116":0,"117":0,"118":0,"120":0,"123":0,"126":0,"135":0,"136":0,"137":0,"138":0,"142":0,"143":0,"146":0,"149":0,"150":0,"151":0,"152":0,"156":0,"159":0,"160":0,"163":0,"164":0,"170":0,"174":1,"175":0,"192":0,"193":0,"197":0,"198":0,"201":0,"202":0,"204":0,"205":0,"208":0,"209":0,"210":0,"214":0,"215":0,"217":0,"219":0,"220":0,"221":0,"222":0,"226":0,"227":0,"237":0,"239":0,"240":0,"242":0,"244":0,"247":0,"249":0,"250":0,"251":0,"253":0,"254":0,"256":0,"259":0,"260":0,"264":0,"267":0,"268":0,"272":0,"273":0,"275":0,"277":0,"278":0,"279":0,"280":0,"285":1,"286":0,"303":0,"304":0,"308":0,"309":0,"312":0,"313":0,"315":0,"316":0,"319":0,"320":0,"321":0,"323":0,"325":0,"326":0,"327":0,"328":0,"339":0,"341":0,"342":0,"344":0,"346":0,"349":0,"352":0,"353":0,"354":0,"356":0,"358":0,"359":0,"363":0,"364":0,"366":0,"368":0,"369":0,"370":0,"371":0,"376":1,"377":0,"381":0,"382":0,"383":0,"384":0,"385":0,"388":0,"393":0,"394":0,"395":0,"396":0,"399":0,"404":0,"408":0,"412":0,"417":1}},"/home/travis/build/npmtest/node-npmtest-model/node_modules/model/lib/adapters/base_adapter.js":{"path":"/home/travis/build/npmtest/node-npmtest-model/node_modules/model/lib/adapters/base_adapter.js","s":{"1":1,"2":1,"3":1,"4":1,"5":1,"6":1,"7":0,"8":0,"9":0,"10":0,"11":0,"12":0,"13":0,"14":0,"15":0,"16":0,"17":0,"18":0,"19":0,"20":1,"21":0,"22":0,"23":0,"24":0,"25":1,"26":0,"27":0,"28":0,"29":0,"30":1,"31":0,"32":1,"33":0,"34":0,"35":0,"36":1,"37":0,"38":1,"39":0,"40":0,"41":0,"42":1,"43":0,"44":1,"45":0,"46":1,"47":0,"48":1},"b":{"1":[0,0],"2":[0,0],"3":[0,0],"4":[0,0],"5":[0,0],"6":[0,0],"7":[0,0],"8":[0,0]},"f":{"1":0,"2":1,"3":0,"4":0,"5":0,"6":0,"7":0,"8":0,"9":0,"10":0,"11":0,"12":0,"13":0,"14":0,"15":0,"16":0,"17":0,"18":0},"fnMap":{"1":{"name":"(anonymous_1)","line":15,"loc":{"start":{"line":15,"column":14},"end":{"line":15,"column":26}}},"2":{"name":"(anonymous_2)","line":19,"loc":{"start":{"line":19,"column":40},"end":{"line":19,"column":52}}},"3":{"name":"(anonymous_3)","line":21,"loc":{"start":{"line":21,"column":20},"end":{"line":21,"column":51}}},"4":{"name":"(anonymous_4)","line":32,"loc":{"start":{"line":32,"column":41},"end":{"line":32,"column":60}}},"5":{"name":"(anonymous_5)","line":38,"loc":{"start":{"line":38,"column":31},"end":{"line":38,"column":48}}},"6":{"name":"(anonymous_6)","line":53,"loc":{"start":{"line":53,"column":17},"end":{"line":53,"column":37}}},"7":{"name":"(anonymous_7)","line":55,"loc":{"start":{"line":55,"column":25},"end":{"line":55,"column":37}}},"8":{"name":"(anonymous_8)","line":56,"loc":{"start":{"line":56,"column":15},"end":{"line":56,"column":27}}},"9":{"name":"(anonymous_9)","line":62,"loc":{"start":{"line":62,"column":20},"end":{"line":62,"column":40}}},"10":{"name":"(anonymous_10)","line":64,"loc":{"start":{"line":64,"column":25},"end":{"line":64,"column":37}}},"11":{"name":"(anonymous_11)","line":65,"loc":{"start":{"line":65,"column":15},"end":{"line":65,"column":27}}},"12":{"name":"(anonymous_12)","line":71,"loc":{"start":{"line":71,"column":14},"end":{"line":71,"column":41}}},"13":{"name":"(anonymous_13)","line":75,"loc":{"start":{"line":75,"column":16},"end":{"line":75,"column":49}}},"14":{"name":"(anonymous_14)","line":84,"loc":{"start":{"line":84,"column":16},"end":{"line":84,"column":43}}},"15":{"name":"(anonymous_15)","line":88,"loc":{"start":{"line":88,"column":16},"end":{"line":88,"column":48}}},"16":{"name":"(anonymous_16)","line":94,"loc":{"start":{"line":94,"column":15},"end":{"line":94,"column":42}}},"17":{"name":"(anonymous_17)","line":98,"loc":{"start":{"line":98,"column":21},"end":{"line":98,"column":48}}},"18":{"name":"(anonymous_18)","line":102,"loc":{"start":{"line":102,"column":19},"end":{"line":102,"column":46}}}},"statementMap":{"1":{"start":{"line":1,"column":0},"end":{"line":6,"column":33}},"2":{"start":{"line":8,"column":0},"end":{"line":13,"column":2}},"3":{"start":{"line":15,"column":0},"end":{"line":16,"column":2}},"4":{"start":{"line":18,"column":0},"end":{"line":18,"column":43}},"5":{"start":{"line":19,"column":0},"end":{"line":106,"column":6}},"6":{"start":{"line":21,"column":2},"end":{"line":51,"column":4}},"7":{"start":{"line":22,"column":4},"end":{"line":26,"column":17}},"8":{"start":{"line":30,"column":4},"end":{"line":49,"column":5}},"9":{"start":{"line":32,"column":6},"end":{"line":35,"column":9}},"10":{"start":{"line":33,"column":8},"end":{"line":33,"column":28}},"11":{"start":{"line":34,"column":8},"end":{"line":34,"column":39}},"12":{"start":{"line":36,"column":6},"end":{"line":48,"column":7}},"13":{"start":{"line":38,"column":8},"end":{"line":43,"column":11}},"14":{"start":{"line":39,"column":10},"end":{"line":39,"column":27}},"15":{"start":{"line":42,"column":10},"end":{"line":42,"column":65}},"16":{"start":{"line":44,"column":8},"end":{"line":47,"column":9}},"17":{"start":{"line":45,"column":10},"end":{"line":45,"column":35}},"18":{"start":{"line":46,"column":10},"end":{"line":46,"column":31}},"19":{"start":{"line":50,"column":4},"end":{"line":50,"column":35}},"20":{"start":{"line":53,"column":2},"end":{"line":60,"column":4}},"21":{"start":{"line":54,"column":4},"end":{"line":55,"column":40}},"22":{"start":{"line":56,"column":4},"end":{"line":59,"column":10}},"23":{"start":{"line":57,"column":6},"end":{"line":57,"column":27}},"24":{"start":{"line":58,"column":6},"end":{"line":58,"column":11}},"25":{"start":{"line":62,"column":2},"end":{"line":69,"column":4}},"26":{"start":{"line":63,"column":4},"end":{"line":64,"column":40}},"27":{"start":{"line":65,"column":4},"end":{"line":68,"column":10}},"28":{"start":{"line":66,"column":6},"end":{"line":66,"column":30}},"29":{"start":{"line":67,"column":6},"end":{"line":67,"column":11}},"30":{"start":{"line":71,"column":2},"end":{"line":73,"column":4}},"31":{"start":{"line":72,"column":4},"end":{"line":72,"column":23}},"32":{"start":{"line":75,"column":2},"end":{"line":82,"column":4}},"33":{"start":{"line":76,"column":4},"end":{"line":81,"column":5}},"34":{"start":{"line":77,"column":6},"end":{"line":77,"column":27}},"35":{"start":{"line":80,"column":6},"end":{"line":80,"column":27}},"36":{"start":{"line":84,"column":2},"end":{"line":86,"column":4}},"37":{"start":{"line":85,"column":4},"end":{"line":85,"column":25}},"38":{"start":{"line":88,"column":2},"end":{"line":92,"column":4}},"39":{"start":{"line":89,"column":4},"end":{"line":89,"column":44}},"40":{"start":{"line":90,"column":4},"end":{"line":90,"column":23}},"41":{"start":{"line":91,"column":4},"end":{"line":91,"column":25}},"42":{"start":{"line":94,"column":2},"end":{"line":96,"column":4}},"43":{"start":{"line":95,"column":4},"end":{"line":95,"column":22}},"44":{"start":{"line":98,"column":2},"end":{"line":100,"column":4}},"45":{"start":{"line":99,"column":4},"end":{"line":99,"column":25}},"46":{"start":{"line":102,"column":2},"end":{"line":104,"column":4}},"47":{"start":{"line":103,"column":4},"end":{"line":103,"column":25}},"48":{"start":{"line":108,"column":0},"end":{"line":108,"column":41}}},"branchMap":{"1":{"line":23,"type":"binary-expr","locations":[{"start":{"line":23,"column":31},"end":{"line":23,"column":38}},{"start":{"line":23,"column":42},"end":{"line":23,"column":44}}]},"2":{"line":36,"type":"if","locations":[{"start":{"line":36,"column":6},"end":{"line":36,"column":6}},{"start":{"line":36,"column":6},"end":{"line":36,"column":6}}]},"3":{"line":42,"type":"binary-expr","locations":[{"start":{"line":42,"column":17},"end":{"line":42,"column":27}},{"start":{"line":42,"column":31},"end":{"line":42,"column":64}}]},"4":{"line":44,"type":"if","locations":[{"start":{"line":44,"column":8},"end":{"line":44,"column":8}},{"start":{"line":44,"column":8},"end":{"line":44,"column":8}}]},"5":{"line":55,"type":"binary-expr","locations":[{"start":{"line":55,"column":13},"end":{"line":55,"column":21}},{"start":{"line":55,"column":25},"end":{"line":55,"column":39}}]},"6":{"line":64,"type":"binary-expr","locations":[{"start":{"line":64,"column":13},"end":{"line":64,"column":21}},{"start":{"line":64,"column":25},"end":{"line":64,"column":39}}]},"7":{"line":76,"type":"if","locations":[{"start":{"line":76,"column":4},"end":{"line":76,"column":4}},{"start":{"line":76,"column":4},"end":{"line":76,"column":4}}]},"8":{"line":89,"type":"binary-expr","locations":[{"start":{"line":89,"column":14},"end":{"line":89,"column":21}},{"start":{"line":89,"column":25},"end":{"line":89,"column":44}}]}},"code":["var BaseAdapter","  , configPropertyAliases","  , EventEmitter = require('events').EventEmitter","  , model = require('../index')","  , adapter = require('./index')","  , utils = require('utilities');","","configPropertyAliases = [","  ['user', 'username', 'userName']",", ['pass', 'password']",", ['database', 'dbname', 'db', 'dbName']",", ['host', 'hostname', 'hostName']","];","","BaseAdapter = function () {","};","","BaseAdapter.prototype = new EventEmitter();","utils.mixin(BaseAdapter.prototype, new (function () {","","  this.loadConfig = function (baseConfig, options) {","    var base = utils.mixin({}, baseConfig)","      , opts = utils.mixin({}, options || {})","      , found","      , aliasKeys","      , aliasKey;","    // If there's a property name on the passed in opts that is","    // an alias for a property on the config, set the correct","    // property name and delete the alias","    for (var p in base) {","      // Is this possibly an aliased property?","      found = configPropertyAliases.some(function (aliases) {","        aliasKeys = aliases;","        return aliases.indexOf(p) > -1;","      });","      if (found) {","        // Does the opts obj have an aliased keys?","        found = aliasKeys.some(function (alias) {","          aliasKey = alias;","          // Possible key isn't the same as the real key","          // Key has a defined value on the opts obj","          return alias != p && typeof opts[alias] != 'undefined';","        });","        if (found) {","          opts[p] = opts[aliasKey];","          delete opts[aliasKey]","        }","      }","    }","    return utils.mixin(base, opts);","  };","","  this.connect = function (callback) {","    var self = this","      , cb = callback || function () {};","    setTimeout(function () {","      self.emit('connect');","      cb();","    }, 0);","  };","","  this.disconnect = function (callback) {","    var self = this","      , cb = callback || function () {};","    setTimeout(function () {","      self.emit('disconnect');","      cb();","    }, 0);","  };","","  this.load = function (query, callback) {","    callback(null, []);","  };","","  this.update = function (data, query, callback) {","    if (data instanceof model.ModelBase) {","      callback(null, data);","    }","    else {","      callback(null, true);","    }","  };","","  this.remove = function (query, callback) {","    callback(null, true);","  };","","  this.insert = function (data, opts, callback) {","    data.id = data.id || utils.string.uuid()","    data._saved = true;","    callback(null, data);","  };","","  this.count = function (query, callback) {","    callback(null, 0);","  };","","  this.createTable = function (names, callback) {","    callback(null, null);","  };","","  this.dropTable = function (names, callback) {","    callback(null, null);","  };","","})());","","module.exports.BaseAdapter = BaseAdapter;",""],"l":{"1":1,"8":1,"15":1,"18":1,"19":1,"21":1,"22":0,"30":0,"32":0,"33":0,"34":0,"36":0,"38":0,"39":0,"42":0,"44":0,"45":0,"46":0,"50":0,"53":1,"54":0,"56":0,"57":0,"58":0,"62":1,"63":0,"65":0,"66":0,"67":0,"71":1,"72":0,"75":1,"76":0,"77":0,"80":0,"84":1,"85":0,"88":1,"89":0,"90":0,"91":0,"94":1,"95":0,"98":1,"99":0,"102":1,"103":0,"108":1}}}